#
# A fatal error has been detected by the Java Runtime Environment:
#
#  SIGSEGV (0xb) at pc=0x0000000130b68f02, pid=89586, tid=0x0000000000001803
#
# JRE version: OpenJDK Runtime Environment (8.0_402-b08) (build 1.8.0_402-b08)
# Java VM: OpenJDK 64-Bit Server VM (25.402-b08 mixed mode bsd-amd64 compressed oops)
# Problematic frame:
# C  [libtesseract.5.dylib+0x1af02]  tesseract::Tesseract::recog_all_words(tesseract::PAGE_RES*, tesseract::ETEXT_DESC*, tesseract::TBOX const*, char const*, int)+0xb0
#
# Failed to write core dump. Core dumps have been disabled. To enable core dumping, try "ulimit -c unlimited" before starting Java again
#
# If you would like to submit a bug report, please visit:
#   https://github.com/corretto/corretto-8/issues/
# The crash happened outside the Java Virtual Machine in native code.
# See problematic frame for where to report the bug.
#

---------------  T H R E A D  ---------------

Current thread (0x00007fe586015000):  JavaThread "main" [_thread_in_native, id=6147, stack(0x000070000d6ad000,0x000070000d7ad000)]

siginfo: si_signo: 11 (SIGSEGV), si_code: 1 (SEGV_MAPERR), si_addr: 0x000000000000000c

Registers:
RAX=0x0000000000000000, RBX=0x0000000000000000, RCX=0x0000000000000000, RDX=0x0000000000000000
RSP=0x000070000d7ab730, RBP=0x000070000d7ab8d0, RSI=0x0000000000000001, RDI=0x000070000d7ab780
R8 =0x0000000000000000, R9 =0x0000000000000000, R10=0x000000003fffffff, R11=0x00007fe583f00000
R12=0x0000000000000000, R13=0x0000000000000000, R14=0x00006000029f87d0, R15=0x00007fe5897ce000
RIP=0x0000000130b68f02, EFLAGS=0x0000000000010246, ERR=0x0000000000000004
  TRAPNO=0x000000000000000e

Top of Stack: (sp=0x000070000d7ab730)
0x000070000d7ab730:   00006000029f87d0 0000000000000000
0x000070000d7ab740:   0000000000000000 0000000000000000
0x000070000d7ab750:   00007fe583f35a50 00006000004e0ff0
0x000070000d7ab760:   00006000004e0fc0 0000000000000000
0x000070000d7ab770:   0000000000000000 0000000000000000
0x000070000d7ab780:   00006000029f87d8 00006000004e0fc0
0x000070000d7ab790:   00006000004e0fc0 00006000004e0fc0
0x000070000d7ab7a0:   00006000004e0fc0 0000600002010000
0x000070000d7ab7b0:   00006000004e0fe8 00006000004e0ff0
0x000070000d7ab7c0:   00006000004e0ff0 00006000004e0ff0
0x000070000d7ab7d0:   00006000004e0ff0 0000600002010000
0x000070000d7ab7e0:   00006000004e1010 00007fe583f35180
0x000070000d7ab7f0:   00007fe583f35a50 00007fe583f35180
0x000070000d7ab800:   00007fe583f35a50 0000000000010000
0x000070000d7ab810:   00006000004e1010 00007fe583f35180
0x000070000d7ab820:   00007fe583f35a50 00007fe583f35180
0x000070000d7ab830:   00007fe583f35a50 0000000130000000
0x000070000d7ab840:   00006000004e1010 00007fe583f35180
0x000070000d7ab850:   00007fe583f35a50 00007fe583f35180
0x000070000d7ab860:   00007fe583f35a50 0000000130000000
0x000070000d7ab870:   0000000130d2c300 0000000000000000
0x000070000d7ab880:   00006000029f87d0 00007fe5897efa68
0x000070000d7ab890:   0000000130d0533b 0000000000000000
0x000070000d7ab8a0:   000000000d7ab8d0 00006000031a96c0
0x000070000d7ab8b0:   00006000029f87d0 00007fe5897efa68
0x000070000d7ab8c0:   000070000d7ab8e0 0000000000000000
0x000070000d7ab8d0:   000070000d7ab920 0000000130b52d87
0x000070000d7ab8e0:   000000012430ba01 000070000d7ab928
0x000070000d7ab8f0:   000070000d7ab970 00006000031a96c0
0x000070000d7ab900:   0000000000000000 00000001308a4464
0x000070000d7ab910:   0000000000000000 810f676d46bc00ae
0x000070000d7ab920:   000070000d7ab970 0000000130b51c43 

Instructions: (pc=0x0000000130b68f02)
0x0000000130b68ee2:   83 bf e8 14 00 00 00 89 5d d4 4d 89 e5 7e 0a 4c
0x0000000130b68ef2:   89 ff e8 65 3c 07 00 eb 15 49 8b 87 c0 09 00 00
0x0000000130b68f02:   80 78 0c 00 74 08 4c 89 ff e8 d0 3c 07 00 49 8b
0x0000000130b68f12:   9f c0 49 02 00 4d 8b a7 c8 49 02 00 4c 39 e3 74 

Register to memory mapping:

RAX=0x0000000000000000 is an unknown value
RBX=0x0000000000000000 is an unknown value
RCX=0x0000000000000000 is an unknown value
RDX=0x0000000000000000 is an unknown value
RSP=0x000070000d7ab730 is pointing into the stack for thread: 0x00007fe586015000
RBP=0x000070000d7ab8d0 is pointing into the stack for thread: 0x00007fe586015000
RSI=0x0000000000000001 is an unknown value
RDI=0x000070000d7ab780 is pointing into the stack for thread: 0x00007fe586015000
R8 =0x0000000000000000 is an unknown value
R9 =0x0000000000000000 is an unknown value
R10=0x000000003fffffff is an unknown value
R11=0x00007fe583f00000 is an unknown value
R12=0x0000000000000000 is an unknown value
R13=0x0000000000000000 is an unknown value
R14=0x00006000029f87d0 is an unknown value
R15=0x00007fe5897ce000 is an unknown value


Stack: [0x000070000d6ad000,0x000070000d7ad000],  sp=0x000070000d7ab730,  free space=1017k
Native frames: (J=compiled Java code, j=interpreted, Vv=VM code, C=native code)
C  [libtesseract.5.dylib+0x1af02]  tesseract::Tesseract::recog_all_words(tesseract::PAGE_RES*, tesseract::ETEXT_DESC*, tesseract::TBOX const*, char const*, int)+0xb0
C  [libtesseract.5.dylib+0x4d87]  tesseract::TessBaseAPI::Recognize(tesseract::ETEXT_DESC*)+0x2cb
C  [libtesseract.5.dylib+0x3c43]  tesseract::TessBaseAPI::GetUTF8Text()+0x35
C  [jna9206326957993422954.tmp+0xde74]  ffi_call_unix64+0x4c
C  0x000070000d7ac388

Java frames: (J=compiled Java code, j=interpreted, Vv=VM code)
j  com.sun.jna.Native.invokePointer(Lcom/sun/jna/Function;JI[Ljava/lang/Object;)J+0
j  com.sun.jna.Function.invokePointer(I[Ljava/lang/Object;)Lcom/sun/jna/Pointer;+7
j  com.sun.jna.Function.invoke([Ljava/lang/Object;Ljava/lang/Class;ZI)Ljava/lang/Object;+385
j  com.sun.jna.Function.invoke(Ljava/lang/reflect/Method;[Ljava/lang/Class;Ljava/lang/Class;[Ljava/lang/Object;Ljava/util/Map;)Ljava/lang/Object;+271
j  com.sun.jna.Library$Handler.invoke(Ljava/lang/Object;Ljava/lang/reflect/Method;[Ljava/lang/Object;)Ljava/lang/Object;+390
j  com.sun.proxy.$Proxy0.TessBaseAPIGetUTF8Text(Lnet/sourceforge/tess4j/ITessAPI$TessBaseAPI;)Lcom/sun/jna/Pointer;+16
j  net.sourceforge.tess4j.Tesseract.getOCRText(Ljava/lang/String;I)Ljava/lang/String;+269
j  net.sourceforge.tess4j.Tesseract.doOCR(Ljavax/imageio/IIOImage;Ljava/lang/String;Ljava/awt/Rectangle;I)Ljava/lang/String;+18
j  net.sourceforge.tess4j.Tesseract.doOCR(Ljava/io/File;Ljava/awt/Rectangle;)Ljava/lang/String;+126
j  net.sourceforge.tess4j.Tesseract.doOCR(Ljava/io/File;)Ljava/lang/String;+3
j  test.ticket.tickettools.TestCOR.main([Ljava/lang/String;)V+188
v  ~StubRoutines::call_stub

---------------  P R O C E S S  ---------------

Java Threads: ( => current thread )
  0x00007fe58a16f800 JavaThread "Java2D Disposer" daemon [_thread_blocked, id=86027, stack(0x000070000f107000,0x000070000f207000)]
  0x00007fe585b61000 JavaThread "AWT-Shutdown" [_thread_blocked, id=41735, stack(0x000070000ecf2000,0x000070000edf2000)]
  0x00007fe587425000 JavaThread "AWT-AppKit" daemon [_thread_in_native, id=259, stack(0x00007ff7b4edb000,0x00007ff7b56db000)]
  0x00007fe585aff000 JavaThread "Attach Listener" daemon [_thread_blocked, id=22275, stack(0x000070000ebef000,0x000070000ecef000)]
  0x00007fe589838000 JavaThread "Service Thread" daemon [_thread_blocked, id=32259, stack(0x000070000e9e9000,0x000070000eae9000)]
  0x00007fe58a03f000 JavaThread "C1 CompilerThread3" daemon [_thread_blocked, id=21763, stack(0x000070000e8e6000,0x000070000e9e6000)]
  0x00007fe58a03e800 JavaThread "C2 CompilerThread2" daemon [_thread_blocked, id=19203, stack(0x000070000e7e3000,0x000070000e8e3000)]
  0x00007fe584851000 JavaThread "C2 CompilerThread1" daemon [_thread_blocked, id=19459, stack(0x000070000e6e0000,0x000070000e7e0000)]
  0x00007fe58627d000 JavaThread "C2 CompilerThread0" daemon [_thread_blocked, id=18179, stack(0x000070000e5dd000,0x000070000e6dd000)]
  0x00007fe58627a000 JavaThread "Monitor Ctrl-Break" daemon [_thread_in_native, id=17667, stack(0x000070000e4da000,0x000070000e5da000)]
  0x00007fe58680a000 JavaThread "Signal Dispatcher" daemon [_thread_blocked, id=19971, stack(0x000070000e3d7000,0x000070000e4d7000)]
  0x00007fe58581e800 JavaThread "Finalizer" daemon [_thread_blocked, id=12291, stack(0x000070000e1ce000,0x000070000e2ce000)]
  0x00007fe585814800 JavaThread "Reference Handler" daemon [_thread_blocked, id=13315, stack(0x000070000e0cb000,0x000070000e1cb000)]
=>0x00007fe586015000 JavaThread "main" [_thread_in_native, id=6147, stack(0x000070000d6ad000,0x000070000d7ad000)]

Other Threads:
  0x00007fe585813800 VMThread [stack: 0x000070000dfc8000,0x000070000e0c8000] [id=13571]
  0x00007fe589838800 WatcherThread [stack: 0x000070000eaec000,0x000070000ebec000] [id=22019]

VM state:not at safepoint (normal execution)

VM Mutex/Monitor currently owned by a thread: None

heap address: 0x00000006c0000000, size: 4096 MB, Compressed Oops mode: Zero based, Oop shift amount: 3
Narrow klass base: 0x0000000000000000, Narrow klass shift: 3
Compressed class space size: 1073741824 Address: 0x00000007c0000000

Heap:
 PSYoungGen      total 76288K, used 16766K [0x000000076ab00000, 0x0000000770000000, 0x00000007c0000000)
  eden space 65536K, 12% used [0x000000076ab00000,0x000000076b2eeb90,0x000000076eb00000)
  from space 10752K, 80% used [0x000000076eb00000,0x000000076f370f78,0x000000076f580000)
  to   space 10752K, 0% used [0x000000076f580000,0x000000076f580000,0x0000000770000000)
 ParOldGen       total 175104K, used 16K [0x00000006c0000000, 0x00000006cab00000, 0x000000076ab00000)
  object space 175104K, 0% used [0x00000006c0000000,0x00000006c0004000,0x00000006cab00000)
 Metaspace       used 14429K, capacity 14750K, committed 15104K, reserved 1062912K
  class space    used 1598K, capacity 1713K, committed 1792K, reserved 1048576K

Card table byte_map: [0x000000010ae41000,0x000000010b642000] byte_map_base: 0x0000000107841000

Marking Bits: (ParMarkBitMap*) 0x000000010c2f3db8
 Begin Bits: [0x000000011ba10000, 0x000000011fa10000)
 End Bits:   [0x000000011fa10000, 0x0000000123a10000)

Polling page: 0x000000010a8b4000

CodeCache: size=245760Kb used=3403Kb max_used=3403Kb free=242356Kb
 bounds [0x000000010ca10000, 0x000000010cd70000, 0x000000011ba10000]
 total_blobs=1276 nmethods=901 adapters=289
 compilation: enabled

Compilation events (10 events):
Event: 1.856 Thread 0x00007fe58a03f000  898       1       sun.awt.image.ByteInterleavedRaster::getDataStorage (5 bytes)
Event: 1.857 Thread 0x00007fe58a03f000 nmethod 898 0x000000010cd59f50 code [0x000000010cd5a0a0, 0x000000010cd5a1b0]
Event: 1.857 Thread 0x00007fe58a03f000  899       1       sun.awt.image.ByteInterleavedRaster::getScanlineStride (5 bytes)
Event: 1.857 Thread 0x00007fe58a03f000 nmethod 899 0x000000010cd59c90 code [0x000000010cd59de0, 0x000000010cd59ef0]
Event: 1.857 Thread 0x00007fe58a03f000  901       3       sun.awt.image.SunWritableRaster::markDirty (8 bytes)
Event: 1.857 Thread 0x00007fe58a03f000 nmethod 901 0x000000010cd59810 code [0x000000010cd59980, 0x000000010cd59bd0]
Event: 1.857 Thread 0x00007fe58a03f000  902       3       sun.java2d.StateTrackableDelegate::markDirty (6 bytes)
Event: 1.857 Thread 0x00007fe58a03f000 nmethod 902 0x000000010cd594d0 code [0x000000010cd59620, 0x000000010cd59790]
Event: 1.857 Thread 0x00007fe58a03f000  903       3       sun.awt.image.ByteInterleavedRaster::getDataElements (18 bytes)
Event: 1.857 Thread 0x00007fe58a03f000 nmethod 903 0x000000010cd58e10 code [0x000000010cd58f80, 0x000000010cd59208]

GC Heap History (2 events):
Event: 1.732 GC heap before
{Heap before GC invocations=1 (full 0):
 PSYoungGen      total 76288K, used 65536K [0x000000076ab00000, 0x0000000770000000, 0x00000007c0000000)
  eden space 65536K, 100% used [0x000000076ab00000,0x000000076eb00000,0x000000076eb00000)
  from space 10752K, 0% used [0x000000076f580000,0x000000076f580000,0x0000000770000000)
  to   space 10752K, 0% used [0x000000076eb00000,0x000000076eb00000,0x000000076f580000)
 ParOldGen       total 175104K, used 0K [0x00000006c0000000, 0x00000006cab00000, 0x000000076ab00000)
  object space 175104K, 0% used [0x00000006c0000000,0x00000006c0000000,0x00000006cab00000)
 Metaspace       used 13528K, capacity 13886K, committed 14208K, reserved 1062912K
  class space    used 1488K, capacity 1617K, committed 1664K, reserved 1048576K
Event: 1.740 GC heap after
Heap after GC invocations=1 (full 0):
 PSYoungGen      total 76288K, used 8643K [0x000000076ab00000, 0x0000000770000000, 0x00000007c0000000)
  eden space 65536K, 0% used [0x000000076ab00000,0x000000076ab00000,0x000000076eb00000)
  from space 10752K, 80% used [0x000000076eb00000,0x000000076f370f78,0x000000076f580000)
  to   space 10752K, 0% used [0x000000076f580000,0x000000076f580000,0x0000000770000000)
 ParOldGen       total 175104K, used 16K [0x00000006c0000000, 0x00000006cab00000, 0x000000076ab00000)
  object space 175104K, 0% used [0x00000006c0000000,0x00000006c0004000,0x00000006cab00000)
 Metaspace       used 13528K, capacity 13886K, committed 14208K, reserved 1062912K
  class space    used 1488K, capacity 1617K, committed 1664K, reserved 1048576K
}

Deoptimization events (10 events):
Event: 0.666 Thread 0x00007fe586015000 Uncommon trap: reason=unstable_if action=reinterpret pc=0x000000010cb8d1ac method=sun.misc.URLClassPath.getLoader(I)Lsun/misc/URLClassPath$Loader; @ 36
Event: 0.704 Thread 0x00007fe586015000 Uncommon trap: reason=loop_limit_check action=maybe_recompile pc=0x000000010cb26ba8 method=java.lang.String.equals(Ljava/lang/Object;)Z @ 56
Event: 0.705 Thread 0x00007fe586015000 Uncommon trap: reason=loop_limit_check action=maybe_recompile pc=0x000000010cb4e698 method=java.lang.String.indexOf([CII[CIII)I @ 79
Event: 0.731 Thread 0x00007fe586015000 Uncommon trap: reason=unstable_if action=reinterpret pc=0x000000010cbbce60 method=sun.misc.URLClassPath$JarLoader.getResource(Ljava/lang/String;Z)Lsun/misc/Resource; @ 15
Event: 1.191 Thread 0x00007fe586015000 Uncommon trap: reason=unstable_if action=reinterpret pc=0x000000010cbe2b38 method=java.lang.String.indexOf([CII[CIII)I @ 3
Event: 1.784 Thread 0x00007fe586015000 Uncommon trap: reason=unstable_if action=reinterpret pc=0x000000010cc95984 method=java.lang.String.lastIndexOf([CII[CIII)I @ 118
Event: 1.805 Thread 0x00007fe586015000 Uncommon trap: reason=unstable_if action=reinterpret pc=0x000000010ccae22c method=java.util.HashMap.getNode(ILjava/lang/Object;)Ljava/util/HashMap$Node; @ 62
Event: 1.806 Thread 0x00007fe586015000 Uncommon trap: reason=unstable_if action=reinterpret pc=0x000000010cc66e90 method=java.util.HashMap.getNode(ILjava/lang/Object;)Ljava/util/HashMap$Node; @ 62
Event: 1.811 Thread 0x00007fe586015000 Uncommon trap: reason=unstable_if action=reinterpret pc=0x000000010cd47e30 method=java.util.HashMap.getNode(ILjava/lang/Object;)Ljava/util/HashMap$Node; @ 129
Event: 1.812 Thread 0x00007fe586015000 Uncommon trap: reason=unstable_if action=reinterpret pc=0x000000010cd49e48 method=java.util.HashMap.getNode(ILjava/lang/Object;)Ljava/util/HashMap$Node; @ 129

Classes redefined (0 events):
No events

Internal exceptions (10 events):
Event: 0.666 Thread 0x00007fe586015000 Exception <a 'java/security/PrivilegedActionException'> (0x000000076ba73ad0) thrown at [/Users/ec2-user/workspace/Corretto8/macos/x64/build/Corretto8Src/installers/mac/tar/corretto-build/buildRoot/hotspot/src/share/vm/prims/jvm.cpp, line 1514]
Event: 0.666 Thread 0x00007fe586015000 Exception <a 'java/security/PrivilegedActionException'> (0x000000076ba777c0) thrown at [/Users/ec2-user/workspace/Corretto8/macos/x64/build/Corretto8Src/installers/mac/tar/corretto-build/buildRoot/hotspot/src/share/vm/prims/jvm.cpp, line 1514]
Event: 0.666 Thread 0x00007fe586015000 Exception <a 'java/security/PrivilegedActionException'> (0x000000076ba779d0) thrown at [/Users/ec2-user/workspace/Corretto8/macos/x64/build/Corretto8Src/installers/mac/tar/corretto-build/buildRoot/hotspot/src/share/vm/prims/jvm.cpp, line 1514]
Event: 0.705 Thread 0x00007fe586015000 Exception <a 'java/io/FileNotFoundException'> (0x000000076bbf0c40) thrown at [/Users/ec2-user/workspace/Corretto8/macos/x64/build/Corretto8Src/installers/mac/tar/corretto-build/buildRoot/hotspot/src/share/vm/prims/jni.cpp, line 709]
Event: 0.787 Thread 0x00007fe586015000 Exception <a 'java/lang/NoSuchFieldError': method resolution failed> (0x000000076bf93af0) thrown at [/Users/ec2-user/workspace/Corretto8/macos/x64/build/Corretto8Src/installers/mac/tar/corretto-build/buildRoot/hotspot/src/share/vm/prims/methodHandles.cpp,
Event: 0.789 Thread 0x00007fe586015000 Exception <a 'java/lang/NoSuchFieldError': method resolution failed> (0x000000076bfa1300) thrown at [/Users/ec2-user/workspace/Corretto8/macos/x64/build/Corretto8Src/installers/mac/tar/corretto-build/buildRoot/hotspot/src/share/vm/prims/methodHandles.cpp,
Event: 0.861 Thread 0x00007fe586015000 Exception <a 'java/lang/NoSuchMethodError': java.lang.Object.lambda$identity$2(Ljava/lang/Object;)Ljava/lang/Object;> (0x000000076c418428) thrown at [/Users/ec2-user/workspace/Corretto8/macos/x64/build/Corretto8Src/installers/mac/tar/corretto-build/buildR
Event: 1.147 Thread 0x00007fe586015000 Exception <a 'java/lang/IncompatibleClassChangeError': Found class java.lang.Object, but interface was expected> (0x000000076dc9c608) thrown at [/Users/ec2-user/workspace/Corretto8/macos/x64/build/Corretto8Src/installers/mac/tar/corretto-build/buildRoot/h
Event: 1.666 Thread 0x00007fe586015000 Exception <a 'java/io/FileNotFoundException'> (0x000000076e22fa10) thrown at [/Users/ec2-user/workspace/Corretto8/macos/x64/build/Corretto8Src/installers/mac/tar/corretto-build/buildRoot/hotspot/src/share/vm/prims/jni.cpp, line 709]
Event: 1.666 Thread 0x00007fe586015000 Exception <a 'java/io/FileNotFoundException'> (0x000000076e230658) thrown at [/Users/ec2-user/workspace/Corretto8/macos/x64/build/Corretto8Src/installers/mac/tar/corretto-build/buildRoot/hotspot/src/share/vm/prims/jni.cpp, line 709]

Events (10 events):
Event: 1.854 loading class com/sun/imageio/plugins/common/ReaderUtil
Event: 1.854 loading class com/sun/imageio/plugins/common/ReaderUtil done
Event: 1.856 loading class javax/imageio/IIOImage
Event: 1.857 loading class javax/imageio/IIOImage done
Event: 1.857 loading class java/nio/DirectByteBuffer$Deallocator
Event: 1.857 loading class java/nio/DirectByteBuffer$Deallocator done
Event: 1.858 loading class java/lang/StrictMath
Event: 1.858 loading class java/lang/StrictMath done
Event: 1.858 loading class com/sun/jna/Native$Buffers
Event: 1.858 loading class com/sun/jna/Native$Buffers done


Dynamic libraries:
0x00007ff81c81c000 	/System/Library/Frameworks/Cocoa.framework/Versions/A/Cocoa
0x00007ff8054bc000 	/System/Library/Frameworks/AppKit.framework/Versions/C/AppKit
0x00007ff808719000 	/System/Library/Frameworks/CoreData.framework/Versions/A/CoreData
0x00007ff802e28000 	/System/Library/Frameworks/Foundation.framework/Versions/C/Foundation
0x00007ff80ec7d000 	/usr/lib/libSystem.B.dylib
0x00007ff8068c2000 	/System/Library/PrivateFrameworks/UIFoundation.framework/Versions/A/UIFoundation
0x00007ffb0cbfa000 	/System/Library/PrivateFrameworks/CollectionViewCore.framework/Versions/A/CollectionViewCore
0x00007ff816155000 	/System/Library/PrivateFrameworks/RemoteViewServices.framework/Versions/A/RemoteViewServices
0x00007ff80ca0c000 	/System/Library/PrivateFrameworks/XCTTargetBootstrap.framework/Versions/A/XCTTargetBootstrap
0x00007ff811611000 	/System/Library/PrivateFrameworks/InternationalSupport.framework/Versions/A/InternationalSupport
0x00007ff81169a000 	/System/Library/PrivateFrameworks/UserActivity.framework/Versions/A/UserActivity
0x00007ffc0df36000 	/System/Library/PrivateFrameworks/WindowManagement.framework/Versions/A/WindowManagement
0x00007ff802ae1000 	/System/Library/Frameworks/SystemConfiguration.framework/Versions/A/SystemConfiguration
0x00007ff8109c8000 	/usr/lib/libspindump.dylib
0x00007ff806a9e000 	/System/Library/Frameworks/UniformTypeIdentifiers.framework/Versions/A/UniformTypeIdentifiers
0x00007ff80aa52000 	/usr/lib/libapp_launch_measurement.dylib
0x00007ff809bca000 	/System/Library/PrivateFrameworks/CoreAnalytics.framework/Versions/A/CoreAnalytics
0x00007ff80aa55000 	/System/Library/PrivateFrameworks/CoreAutoLayout.framework/Versions/A/CoreAutoLayout
0x00007ff80c281000 	/System/Library/Frameworks/Metal.framework/Versions/A/Metal
0x00007ff80d1d3000 	/usr/lib/liblangid.dylib
0x00007ff80ca11000 	/System/Library/PrivateFrameworks/CoreSVG.framework/Versions/A/CoreSVG
0x00007ff807454000 	/System/Library/PrivateFrameworks/SkyLight.framework/Versions/A/SkyLight
0x00007ff8078a8000 	/System/Library/Frameworks/CoreGraphics.framework/Versions/A/CoreGraphics
0x00007ff8168aa000 	/System/Library/Frameworks/Accelerate.framework/Versions/A/Accelerate
0x00007ff81082c000 	/System/Library/PrivateFrameworks/IconServices.framework/Versions/A/IconServices
0x00007ff80c262000 	/System/Library/Frameworks/IOSurface.framework/Versions/A/IOSurface
0x00007ff809bf6000 	/usr/lib/libDiagnosticMessagesClient.dylib
0x00007ff80eb92000 	/usr/lib/libz.1.dylib
0x00007ff81a224000 	/System/Library/Frameworks/ApplicationServices.framework/Versions/A/ApplicationServices
0x00007ff80c9f8000 	/System/Library/PrivateFrameworks/DFRFoundation.framework/Versions/A/DFRFoundation
0x00007ff804d79000 	/usr/lib/libicucore.A.dylib
0x00007ff8125e3000 	/System/Library/Frameworks/AudioToolbox.framework/Versions/A/AudioToolbox
0x00007ff81161d000 	/System/Library/PrivateFrameworks/DataDetectorsCore.framework/Versions/A/DataDetectorsCore
0x00007ff90af61000 	/System/Library/PrivateFrameworks/TextInput.framework/Versions/A/TextInput
0x00007ff8073ae000 	/usr/lib/libMobileGestalt.dylib
0x00007ff80c75c000 	/System/Library/Frameworks/Carbon.framework/Versions/A/Frameworks/HIToolbox.framework/Versions/A/HIToolbox
0x00007ff80a38d000 	/System/Library/Frameworks/QuartzCore.framework/Versions/A/QuartzCore
0x00007ff8049dc000 	/System/Library/Frameworks/Security.framework/Versions/A/Security
0x00007ff81618d000 	/System/Library/Frameworks/Carbon.framework/Versions/A/Frameworks/SpeechRecognition.framework/Versions/A/SpeechRecognition
0x00007ff80a781000 	/System/Library/PrivateFrameworks/CoreUI.framework/Versions/A/CoreUI
0x00007ff8042ce000 	/System/Library/Frameworks/CoreAudio.framework/Versions/A/CoreAudio
0x00007ff809cd6000 	/System/Library/Frameworks/DiskArbitration.framework/Versions/A/DiskArbitration
0x00007ff810dfe000 	/System/Library/PrivateFrameworks/MultitouchSupport.framework/Versions/A/MultitouchSupport
0x00007ff8073ad000 	/usr/lib/libenergytrace.dylib
0x00007ff820ba4000 	/System/Library/PrivateFrameworks/RenderBox.framework/Versions/A/RenderBox
0x00007ff805395000 	/System/Library/Frameworks/IOKit.framework/Versions/A/IOKit
0x00007ff8165a5000 	/System/Library/Frameworks/CoreServices.framework/Versions/A/CoreServices
0x00007ff80a9e9000 	/System/Library/PrivateFrameworks/PerformanceAnalysis.framework/Versions/A/PerformanceAnalysis
0x00007ffa1d3e2000 	/System/Library/Frameworks/OpenGL.framework/Versions/A/OpenGL
0x00007ff80aa9e000 	/usr/lib/libxml2.2.dylib
0x00007ff80dfcc000 	/System/Library/PrivateFrameworks/MobileKeyBag.framework/Versions/A/MobileKeyBag
0x00007ff801a40000 	/usr/lib/libobjc.A.dylib
0x00007ff801d38000 	/usr/lib/libc++.1.dylib
0x00007ff81651c000 	/System/Library/Frameworks/Accessibility.framework/Versions/A/Accessibility
0x00007ff808061000 	/System/Library/Frameworks/ColorSync.framework/Versions/A/ColorSync
0x00007ff801e70000 	/System/Library/Frameworks/CoreFoundation.framework/Versions/A/CoreFoundation
0x00007ff80cd79000 	/System/Library/Frameworks/CoreImage.framework/Versions/A/CoreImage
0x00007ff8040c9000 	/System/Library/Frameworks/CoreText.framework/Versions/A/CoreText
0x00007ffb031eb000 	/System/Library/Frameworks/CoreTransferable.framework/Versions/A/CoreTransferable
0x00007ffb03634000 	/System/Library/Frameworks/DeveloperToolsSupport.framework/Versions/A/DeveloperToolsSupport
0x00007ff80ca4a000 	/System/Library/Frameworks/ImageIO.framework/Versions/A/ImageIO
0x00007ffb07bec000 	/System/Library/Frameworks/Symbols.framework/Versions/A/Symbols
0x00007ff80ec83000 	/System/Library/PrivateFrameworks/SoftLinking.framework/Versions/A/SoftLinking
0x00007ff81205b000 	/usr/lib/swift/libswiftCore.dylib
0x00007ff907c2a000 	/usr/lib/swift/libswiftCoreFoundation.dylib
0x00007ff905b5a000 	/usr/lib/swift/libswiftCoreGraphics.dylib
0x00007ff907c67000 	/usr/lib/swift/libswiftCoreImage.dylib
0x00007ff905b61000 	/usr/lib/swift/libswiftDarwin.dylib
0x00007ff817f14000 	/usr/lib/swift/libswiftDispatch.dylib
0x00007ff907c68000 	/usr/lib/swift/libswiftIOKit.dylib
0x00007ff913c28000 	/usr/lib/swift/libswiftMetal.dylib
0x00007ff920685000 	/usr/lib/swift/libswiftOSLog.dylib
0x00007ff81a686000 	/usr/lib/swift/libswiftObjectiveC.dylib
0x00007ff91782d000 	/usr/lib/swift/libswiftQuartzCore.dylib
0x00007ff91b8a0000 	/usr/lib/swift/libswiftUniformTypeIdentifiers.dylib
0x00007ff907c3a000 	/usr/lib/swift/libswiftXPC.dylib
0x00007ffc16642000 	/usr/lib/swift/libswift_Concurrency.dylib
0x00007ff81a68a000 	/usr/lib/swift/libswiftos.dylib
0x00007ff90aec3000 	/usr/lib/swift/libswiftsimd.dylib
0x00007ff80ee1b000 	/usr/lib/libcompression.dylib
0x00007ff811551000 	/System/Library/PrivateFrameworks/TextureIO.framework/Versions/A/TextureIO
0x00007ff8104d2000 	/usr/lib/libate.dylib
0x00007ff80ec77000 	/usr/lib/system/libcache.dylib
0x00007ff80ec32000 	/usr/lib/system/libcommonCrypto.dylib
0x00007ff80ec5b000 	/usr/lib/system/libcompiler_rt.dylib
0x00007ff80ec51000 	/usr/lib/system/libcopyfile.dylib
0x00007ff801b81000 	/usr/lib/system/libcorecrypto.dylib
0x00007ff801c66000 	/usr/lib/system/libdispatch.dylib
0x00007ff801e17000 	/usr/lib/system/libdyld.dylib
0x00007ff80ec6d000 	/usr/lib/system/libkeymgr.dylib
0x00007ff80ec0e000 	/usr/lib/system/libmacho.dylib
0x00007ff80e0a6000 	/usr/lib/system/libquarantine.dylib
0x00007ff80ec6b000 	/usr/lib/system/libremovefile.dylib
0x00007ff80741f000 	/usr/lib/system/libsystem_asl.dylib
0x00007ff801b1f000 	/usr/lib/system/libsystem_blocks.dylib
0x00007ff801cb0000 	/usr/lib/system/libsystem_c.dylib
0x00007ff80ec63000 	/usr/lib/system/libsystem_collections.dylib
0x00007ff80d1c4000 	/usr/lib/system/libsystem_configuration.dylib
0x00007ff80c239000 	/usr/lib/system/libsystem_containermanager.dylib
0x00007ff80e86b000 	/usr/lib/system/libsystem_coreservices.dylib
0x00007ff80500f000 	/usr/lib/system/libsystem_darwin.dylib
0x00007ffc1695e000 	/usr/lib/system/libsystem_darwindirectory.dylib
0x00007ff80ec6e000 	/usr/lib/system/libsystem_dnssd.dylib
0x00007ff801cad000 	/usr/lib/system/libsystem_featureflags.dylib
0x00007ff801e45000 	/usr/lib/system/libsystem_info.dylib
0x00007ff80eba6000 	/usr/lib/system/libsystem_m.dylib
0x00007ff801c2d000 	/usr/lib/system/libsystem_malloc.dylib
0x00007ff807395000 	/usr/lib/system/libsystem_networkextension.dylib
0x00007ff805458000 	/usr/lib/system/libsystem_notify.dylib
0x00007ff80d1c8000 	/usr/lib/system/libsystem_sandbox.dylib
0x00007ff80ec68000 	/usr/lib/system/libsystem_secinit.dylib
0x00007ff801dd0000 	/usr/lib/system/libsystem_kernel.dylib
0x00007ff801e3b000 	/usr/lib/system/libsystem_platform.dylib
0x00007ff801e0b000 	/usr/lib/system/libsystem_pthread.dylib
0x00007ff808f96000 	/usr/lib/system/libsystem_symptoms.dylib
0x00007ff801b67000 	/usr/lib/system/libsystem_trace.dylib
0x00007ff80ec3e000 	/usr/lib/system/libunwind.dylib
0x00007ff801b23000 	/usr/lib/system/libxpc.dylib
0x00007ff801db7000 	/usr/lib/libc++abi.dylib
0x00007ff80ec49000 	/usr/lib/liboah.dylib
0x00007ff810281000 	/usr/lib/liblzma.5.dylib
0x00007ff80ec7f000 	/usr/lib/libfakelink.dylib
0x00007ff806fe8000 	/System/Library/Frameworks/CFNetwork.framework/Versions/A/CFNetwork
0x00007ff80ecd1000 	/usr/lib/libarchive.2.dylib
0x00007ff814405000 	/System/Library/Frameworks/Combine.framework/Versions/A/Combine
0x00007ffb0cc0f000 	/System/Library/PrivateFrameworks/CollectionsInternal.framework/Versions/A/CollectionsInternal
0x00007ffc01ec0000 	/System/Library/PrivateFrameworks/ReflectionInternal.framework/Versions/A/ReflectionInternal
0x00007ffc024a1000 	/System/Library/PrivateFrameworks/RuntimeInternal.framework/Versions/A/RuntimeInternal
0x00007ffc1677d000 	/usr/lib/swift/libswift_StringProcessing.dylib
0x00007ff805314000 	/System/Library/PrivateFrameworks/CoreServicesInternal.framework/Versions/A/CoreServicesInternal
0x00007ff80e0cd000 	/usr/lib/libbsm.0.dylib
0x00007ff80ec16000 	/usr/lib/system/libkxld.dylib
0x00007ff80aa1d000 	/System/Library/Frameworks/CoreServices.framework/Versions/A/Frameworks/FSEvents.framework/Versions/A/FSEvents
0x00007ff80501a000 	/System/Library/Frameworks/CoreServices.framework/Versions/A/Frameworks/CarbonCore.framework/Versions/A/CarbonCore
0x00007ff809c3e000 	/System/Library/Frameworks/CoreServices.framework/Versions/A/Frameworks/Metadata.framework/Versions/A/Metadata
0x00007ff80e871000 	/System/Library/Frameworks/CoreServices.framework/Versions/A/Frameworks/OSServices.framework/Versions/A/OSServices
0x00007ff80ed5a000 	/System/Library/Frameworks/CoreServices.framework/Versions/A/Frameworks/SearchKit.framework/Versions/A/SearchKit
0x00007ff808f1c000 	/System/Library/Frameworks/CoreServices.framework/Versions/A/Frameworks/AE.framework/Versions/A/AE
0x00007ff80230b000 	/System/Library/Frameworks/CoreServices.framework/Versions/A/Frameworks/LaunchServices.framework/Versions/A/LaunchServices
0x00007ff810232000 	/System/Library/Frameworks/CoreServices.framework/Versions/A/Frameworks/DictionaryServices.framework/Versions/A/DictionaryServices
0x00007ff80aa2a000 	/System/Library/Frameworks/CoreServices.framework/Versions/A/Frameworks/SharedFileList.framework/Versions/A/SharedFileList
0x00007ff80ede4000 	/usr/lib/libapple_nghttp2.dylib
0x00007ff808bac000 	/usr/lib/libsqlite3.dylib
0x00007ff808f9e000 	/System/Library/Frameworks/Network.framework/Versions/A/Network
0x00007ffc14fe2000 	/usr/lib/libCoreEntitlements.dylib
0x00007ffb1d9b6000 	/System/Library/PrivateFrameworks/MessageSecurity.framework/Versions/A/MessageSecurity
0x00007ff808b93000 	/System/Library/PrivateFrameworks/ProtocolBuffer.framework/Versions/A/ProtocolBuffer
0x00007ff80e78e000 	/System/Library/PrivateFrameworks/AppleFSCompression.framework/Versions/A/AppleFSCompression
0x00007ff80e0b5000 	/usr/lib/libcoretls.dylib
0x00007ff81029a000 	/usr/lib/libcoretls_cfhelpers.dylib
0x00007ff80ee15000 	/usr/lib/libpam.2.dylib
0x00007ff810312000 	/usr/lib/libxar.1.dylib
0x00007ff810805000 	/usr/lib/libheimdal-asn1.dylib
0x00007ff806fe7000 	/usr/lib/libnetwork.dylib
0x00007ff80ec84000 	/usr/lib/libpcap.A.dylib
0x00007ff808f8c000 	/usr/lib/libdns_services.dylib
0x00007ff80d1cf000 	/System/Library/PrivateFrameworks/AppleSystemInfo.framework/Versions/A/AppleSystemInfo
0x00007ff80ddce000 	/System/Library/PrivateFrameworks/IOMobileFramebuffer.framework/Versions/A/IOMobileFramebuffer
0x00007ffc166c9000 	/usr/lib/swift/libswift_RegexParser.dylib
0x00007ff80e85c000 	/usr/lib/libbz2.1.0.dylib
0x00007ff80e0a9000 	/usr/lib/libCheckFix.dylib
0x00007ff807436000 	/System/Library/PrivateFrameworks/TCC.framework/Versions/A/TCC
0x00007ff80d1d5000 	/System/Library/PrivateFrameworks/CoreNLP.framework/Versions/A/CoreNLP
0x00007ff809bf8000 	/System/Library/PrivateFrameworks/MetadataUtilities.framework/Versions/A/MetadataUtilities
0x00007ff80e0dd000 	/usr/lib/libmecab.dylib
0x00007ff802b68000 	/usr/lib/libCRFSuite.dylib
0x00007ff80e136000 	/usr/lib/libgermantok.dylib
0x00007ff80edc0000 	/usr/lib/libThaiTokenizer.dylib
0x00007ff809cde000 	/System/Library/Frameworks/Accelerate.framework/Versions/A/Frameworks/vImage.framework/Versions/A/vImage
0x00007ff816578000 	/System/Library/Frameworks/Accelerate.framework/Versions/A/Frameworks/vecLib.framework/Versions/A/vecLib
0x00007ff810354000 	/System/Library/Frameworks/Accelerate.framework/Versions/A/Frameworks/vecLib.framework/Versions/A/libvMisc.dylib
0x00007ff80dbbe000 	/System/Library/Frameworks/Accelerate.framework/Versions/A/Frameworks/vecLib.framework/Versions/A/libvDSP.dylib
0x00007ff802711000 	/System/Library/Frameworks/Accelerate.framework/Versions/A/Frameworks/vecLib.framework/Versions/A/libBLAS.dylib
0x00007ff80eefb000 	/System/Library/Frameworks/Accelerate.framework/Versions/A/Frameworks/vecLib.framework/Versions/A/libLAPACK.dylib
0x00007ff80e139000 	/System/Library/Frameworks/Accelerate.framework/Versions/A/Frameworks/vecLib.framework/Versions/A/libLinearAlgebra.dylib
0x00007ff80edff000 	/System/Library/Frameworks/Accelerate.framework/Versions/A/Frameworks/vecLib.framework/Versions/A/libSparseBLAS.dylib
0x00007ff80eef5000 	/System/Library/Frameworks/Accelerate.framework/Versions/A/Frameworks/vecLib.framework/Versions/A/libQuadrature.dylib
0x00007ff80d2e4000 	/System/Library/Frameworks/Accelerate.framework/Versions/A/Frameworks/vecLib.framework/Versions/A/libBNNS.dylib
0x00007ff802a69000 	/System/Library/Frameworks/Accelerate.framework/Versions/A/Frameworks/vecLib.framework/Versions/A/libSparse.dylib
0x00007ffb1c304000 	/System/Library/PrivateFrameworks/MIL.framework/Versions/A/MIL
0x00007ff80ecb9000 	/usr/lib/libiconv.2.dylib
0x00007ff80ec0a000 	/usr/lib/libcharset.1.dylib
0x00007ff80aa01000 	/System/Library/Frameworks/OpenDirectory.framework/Versions/A/Frameworks/CFOpenDirectory.framework/Versions/A/CFOpenDirectory
0x00007ff80a9f5000 	/System/Library/Frameworks/OpenDirectory.framework/Versions/A/OpenDirectory
0x00007ff81029c000 	/System/Library/PrivateFrameworks/APFS.framework/Versions/A/APFS
0x00007ff80dfef000 	/System/Library/Frameworks/SecurityFoundation.framework/Versions/A/SecurityFoundation
0x00007ff810320000 	/usr/lib/libutil.dylib
0x00007ffb1a7d1000 	/System/Library/PrivateFrameworks/InstalledContentLibrary.framework/Versions/A/InstalledContentLibrary
0x00007ff805355000 	/System/Library/PrivateFrameworks/CoreServicesStore.framework/Versions/A/CoreServicesStore
0x00007ffb0ab42000 	/System/Library/PrivateFrameworks/AppleMobileFileIntegrity.framework/Versions/A/AppleMobileFileIntegrity
0x00007ff907c0a000 	/usr/lib/libmis.dylib
0x00007ff917cfa000 	/System/Library/PrivateFrameworks/MobileSystemServices.framework/Versions/A/MobileSystemServices
0x00007ffa15691000 	/System/Library/PrivateFrameworks/ConfigProfileHelper.framework/Versions/A/ConfigProfileHelper
0x00007ff80edc2000 	/System/Library/PrivateFrameworks/AppleSauce.framework/Versions/A/AppleSauce
0x00007ff803a67000 	/System/Library/PrivateFrameworks/LanguageModeling.framework/Versions/A/LanguageModeling
0x00007ff810324000 	/usr/lib/libxslt.1.dylib
0x00007ff80ecc0000 	/usr/lib/libcmph.dylib
0x00007ff80dd9d000 	/System/Library/PrivateFrameworks/CoreEmoji.framework/Versions/A/CoreEmoji
0x00007ff80d2df000 	/System/Library/PrivateFrameworks/LinguisticData.framework/Versions/A/LinguisticData
0x00007ff802986000 	/System/Library/PrivateFrameworks/Lexicon.framework/Versions/A/Lexicon
0x00007ff80e078000 	/System/Library/PrivateFrameworks/BackgroundTaskManagement.framework/Versions/A/BackgroundTaskManagement
0x00007ffc1515e000 	/usr/lib/libTLE.dylib
0x00007ff810cc0000 	/System/Library/PrivateFrameworks/AppleJPEG.framework/Versions/A/AppleJPEG
0x00007ff8107ea000 	/usr/lib/libexpat.1.dylib
0x00007ff8113a7000 	/System/Library/Frameworks/ImageIO.framework/Versions/A/Resources/libPng.dylib
0x00007ff8113d4000 	/System/Library/Frameworks/ImageIO.framework/Versions/A/Resources/libTIFF.dylib
0x00007ff8114c9000 	/System/Library/Frameworks/ImageIO.framework/Versions/A/Resources/libGIF.dylib
0x00007ff810d0c000 	/System/Library/Frameworks/ImageIO.framework/Versions/A/Resources/libJP2.dylib
0x00007ff811468000 	/System/Library/Frameworks/ImageIO.framework/Versions/A/Resources/libJPEG.dylib
0x00007ff81145f000 	/System/Library/Frameworks/ImageIO.framework/Versions/A/Resources/libRadiance.dylib
0x00007ff80c5fc000 	/System/Library/PrivateFrameworks/FontServices.framework/libFontParser.dylib
0x00007ff808ebd000 	/System/Library/PrivateFrameworks/RunningBoardServices.framework/Versions/A/RunningBoardServices
0x00007ff81cf90000 	/System/Library/PrivateFrameworks/IOSurfaceAccelerator.framework/Versions/A/IOSurfaceAccelerator
0x00007ff810dfa000 	/System/Library/PrivateFrameworks/WatchdogClient.framework/Versions/A/WatchdogClient
0x00007ff803c30000 	/System/Library/Frameworks/CoreDisplay.framework/Versions/A/CoreDisplay
0x00007ff80c4ce000 	/System/Library/Frameworks/CoreMedia.framework/Versions/A/CoreMedia
0x00007ff80c278000 	/System/Library/PrivateFrameworks/IOAccelerator.framework/Versions/A/IOAccelerator
0x00007ff80ab7d000 	/System/Library/Frameworks/CoreVideo.framework/Versions/A/CoreVideo
0x00007ff80ee13000 	/System/Library/Frameworks/MetalPerformanceShaders.framework/Versions/A/MetalPerformanceShaders
0x00007ff810e3b000 	/System/Library/Frameworks/VideoToolbox.framework/Versions/A/VideoToolbox
0x00007ff80ac09000 	/System/Library/PrivateFrameworks/UserManagement.framework/Versions/A/UserManagement
0x00007ff808def000 	/System/Library/PrivateFrameworks/BaseBoard.framework/Versions/A/BaseBoard
0x00007ff80d1ce000 	/System/Library/PrivateFrameworks/AggregateDictionary.framework/Versions/A/AggregateDictionary
0x00007ffb0aac6000 	/System/Library/PrivateFrameworks/AppleKeyStore.framework/Versions/A/AppleKeyStore
0x00007ff811458000 	/System/Library/PrivateFrameworks/GPUWrangler.framework/Versions/A/GPUWrangler
0x00007ff81143c000 	/System/Library/PrivateFrameworks/IOPresentment.framework/Versions/A/IOPresentment
0x00007ff811462000 	/System/Library/PrivateFrameworks/DSExternalDisplay.framework/Versions/A/DSExternalDisplay
0x00007ffb16863000 	/System/Library/PrivateFrameworks/GPUCompiler.framework/Versions/32023/Libraries/libllvm-flatbuffers.dylib
0x00007ffa1d3d6000 	/System/Library/Frameworks/OpenGL.framework/Versions/A/Libraries/libCoreFSCache.dylib
0x00007ffb133e3000 	/System/Library/PrivateFrameworks/GPUCompiler.framework/Versions/32023/Libraries/libGPUCompilerUtils.dylib
0x00007ff8114cf000 	/System/Library/PrivateFrameworks/CMCaptureCore.framework/Versions/A/CMCaptureCore
0x00007ffb03716000 	/System/Library/Frameworks/ExtensionFoundation.framework/Versions/A/ExtensionFoundation
0x00007ff81873b000 	/System/Library/PrivateFrameworks/CoreTime.framework/Versions/A/CoreTime
0x00007ff8109b2000 	/System/Library/PrivateFrameworks/AppServerSupport.framework/Versions/A/AppServerSupport
0x00007ff812f33000 	/System/Library/PrivateFrameworks/perfdata.framework/Versions/A/perfdata
0x00007ff803d5c000 	/System/Library/PrivateFrameworks/AudioToolboxCore.framework/Versions/A/AudioToolboxCore
0x00007ff80c4a8000 	/System/Library/PrivateFrameworks/caulk.framework/Versions/A/caulk
0x00007ff8127d1000 	/usr/lib/libAudioStatistics.dylib
0x00007ff907003000 	/System/Library/PrivateFrameworks/SystemPolicy.framework/Versions/A/SystemPolicy
0x00007ff812a9d000 	/usr/lib/libSMC.dylib
0x00007ff81c680000 	/System/Library/Frameworks/CoreMIDI.framework/Versions/A/CoreMIDI
0x00007ff81136e000 	/usr/lib/libAudioToolboxUtility.dylib
0x00007ff902a6a000 	/System/Library/PrivateFrameworks/OSAServicesClient.framework/Versions/A/OSAServicesClient
0x00007ff812f40000 	/usr/lib/libperfcheck.dylib
0x00007ff8106cb000 	/System/Library/PrivateFrameworks/PlugInKit.framework/Versions/A/PlugInKit
0x00007ff80dfe2000 	/System/Library/PrivateFrameworks/AssertionServices.framework/Versions/A/AssertionServices
0x00007ffa047bf000 	/System/Library/PrivateFrameworks/Symbolication.framework/Versions/A/Symbolication
0x00007ffb20f87000 	/System/Library/PrivateFrameworks/PhotosensitivityProcessing.framework/Versions/A/PhotosensitivityProcessing
0x00007ffa1e9e2000 	/System/Library/Frameworks/OpenCL.framework/Versions/A/OpenCL
0x00007ff81095d000 	/System/Library/PrivateFrameworks/GraphVisualizer.framework/Versions/A/GraphVisualizer
0x00007ffa1d433000 	/System/Library/Frameworks/OpenGL.framework/Versions/A/Libraries/libGLU.dylib
0x00007ffa1d3f5000 	/System/Library/Frameworks/OpenGL.framework/Versions/A/Libraries/libGFXShared.dylib
0x00007ffa1d5f2000 	/System/Library/Frameworks/OpenGL.framework/Versions/A/Libraries/libGL.dylib
0x00007ffa1d3fd000 	/System/Library/Frameworks/OpenGL.framework/Versions/A/Libraries/libGLImage.dylib
0x00007ffa1d3f2000 	/System/Library/Frameworks/OpenGL.framework/Versions/A/Libraries/libCVMSPluginSupport.dylib
0x00007ffc15118000 	/usr/lib/libRosetta.dylib
0x00007ffa1d3dd000 	/System/Library/Frameworks/OpenGL.framework/Versions/A/Libraries/libCoreVMClient.dylib
0x00007ffb11521000 	/System/Library/PrivateFrameworks/FontServices.framework/Versions/A/FontServices
0x00007ff81096c000 	/System/Library/PrivateFrameworks/OTSVG.framework/Versions/A/OTSVG
0x00007ff80a735000 	/System/Library/Frameworks/ApplicationServices.framework/Versions/A/Frameworks/ATS.framework/Versions/A/Resources/libFontRegistry.dylib
0x00007ff8109bc000 	/System/Library/PrivateFrameworks/FontServices.framework/libhvf.dylib
0x00007ffb11522000 	/System/Library/PrivateFrameworks/FontServices.framework/libXTFontStaticRegistryData.dylib
0x00007ff80d143000 	/System/Library/Frameworks/MetalPerformanceShaders.framework/Versions/A/Frameworks/MPSCore.framework/Versions/A/MPSCore
0x00007ff80e6f4000 	/System/Library/Frameworks/MetalPerformanceShaders.framework/Versions/A/Frameworks/MPSImage.framework/Versions/A/MPSImage
0x00007ff80e14f000 	/System/Library/Frameworks/MetalPerformanceShaders.framework/Versions/A/Frameworks/MPSNeuralNetwork.framework/Versions/A/MPSNeuralNetwork
0x00007ff80e5c8000 	/System/Library/Frameworks/MetalPerformanceShaders.framework/Versions/A/Frameworks/MPSMatrix.framework/Versions/A/MPSMatrix
0x00007ff80e37b000 	/System/Library/Frameworks/MetalPerformanceShaders.framework/Versions/A/Frameworks/MPSRayIntersector.framework/Versions/A/MPSRayIntersector
0x00007ff80e603000 	/System/Library/Frameworks/MetalPerformanceShaders.framework/Versions/A/Frameworks/MPSNDArray.framework/Versions/A/MPSNDArray
0x00007ffb053da000 	/System/Library/Frameworks/MetalPerformanceShaders.framework/Versions/A/Frameworks/MPSFunctions.framework/Versions/A/MPSFunctions
0x00007ffb053bc000 	/System/Library/Frameworks/MetalPerformanceShaders.framework/Versions/A/Frameworks/MPSBenchmarkLoop.framework/Versions/A/MPSBenchmarkLoop
0x00007ff8025c1000 	/System/Library/PrivateFrameworks/MetalTools.framework/Versions/A/MetalTools
0x00007ff90c1fd000 	/System/Library/PrivateFrameworks/IOAccelMemoryInfo.framework/Versions/A/IOAccelMemoryInfo
0x00007ff917c0c000 	/System/Library/PrivateFrameworks/kperf.framework/Versions/A/kperf
0x00007ff907c1d000 	/System/Library/PrivateFrameworks/GPURawCounter.framework/Versions/A/GPURawCounter
0x00007ff81862f000 	/System/Library/PrivateFrameworks/CoreSymbolication.framework/Versions/A/CoreSymbolication
0x00007ff907bdb000 	/System/Library/PrivateFrameworks/MallocStackLogging.framework/Versions/A/MallocStackLogging
0x00007ff810572000 	/System/Library/PrivateFrameworks/CrashReporterSupport.framework/Versions/A/CrashReporterSupport
0x00007ff8185f0000 	/System/Library/PrivateFrameworks/DebugSymbols.framework/Versions/A/DebugSymbols
0x00007ff916f3f000 	/System/Library/PrivateFrameworks/OSAnalytics.framework/Versions/A/OSAnalytics
0x00007ffc0c68a000 	/System/Library/PrivateFrameworks/VideoToolboxParavirtualizationSupport.framework/Versions/A/VideoToolboxParavirtualizationSupport
0x00007ff81079a000 	/System/Library/PrivateFrameworks/AppleVA.framework/Versions/A/AppleVA
0x00007ff812815000 	/System/Library/Frameworks/ApplicationServices.framework/Versions/A/Frameworks/ATS.framework/Versions/A/ATS
0x00007ff80820e000 	/System/Library/Frameworks/ApplicationServices.framework/Versions/A/Frameworks/HIServices.framework/Versions/A/HIServices
0x00007ff8114dd000 	/System/Library/Frameworks/ApplicationServices.framework/Versions/A/Frameworks/PrintCore.framework/Versions/A/PrintCore
0x00007ff812bf3000 	/System/Library/Frameworks/ApplicationServices.framework/Versions/A/Frameworks/QD.framework/Versions/A/QD
0x00007ff812beb000 	/System/Library/Frameworks/ApplicationServices.framework/Versions/A/Frameworks/ColorSyncLegacy.framework/Versions/A/ColorSyncLegacy
0x00007ff8127e9000 	/System/Library/Frameworks/ApplicationServices.framework/Versions/A/Frameworks/SpeechSynthesis.framework/Versions/A/SpeechSynthesis
0x00007ff811499000 	/System/Library/Frameworks/ApplicationServices.framework/Versions/A/Frameworks/ATSUI.framework/Versions/A/ATSUI
0x00007ff812b7d000 	/usr/lib/libcups.2.dylib
0x00007ff812f4f000 	/System/Library/Frameworks/Kerberos.framework/Versions/A/Kerberos
0x00007ff812f5e000 	/System/Library/Frameworks/GSS.framework/Versions/A/GSS
0x00007ff81288e000 	/usr/lib/libresolv.9.dylib
0x00007ff8109ce000 	/System/Library/PrivateFrameworks/Heimdal.framework/Versions/A/Heimdal
0x00007ff81a5f3000 	/System/Library/Frameworks/Kerberos.framework/Versions/A/Libraries/libHeimdalProxy.dylib
0x00007ff812fab000 	/System/Library/PrivateFrameworks/CommonAuth.framework/Versions/A/CommonAuth
0x00007ffb0260c000 	/System/Library/Frameworks/AVFAudio.framework/Versions/A/AVFAudio
0x00007ff902ab3000 	/System/Library/PrivateFrameworks/AXCoreUtilities.framework/Versions/A/AXCoreUtilities
0x00007ff812759000 	/System/Library/PrivateFrameworks/AudioSession.framework/Versions/A/AudioSession
0x00007ff8141cd000 	/System/Library/Frameworks/IOBluetooth.framework/Versions/A/IOBluetooth
0x00007ff8108a9000 	/System/Library/PrivateFrameworks/MediaExperience.framework/Versions/A/MediaExperience
0x00007ff8125ae000 	/System/Library/PrivateFrameworks/AudioSession.framework/libSessionUtility.dylib
0x00007ff812bff000 	/System/Library/PrivateFrameworks/AudioResourceArbitration.framework/Versions/A/AudioResourceArbitration
0x00007ff8172b1000 	/System/Library/PrivateFrameworks/PowerLog.framework/Versions/A/PowerLog
0x00007ff8171d2000 	/System/Library/Frameworks/CoreBluetooth.framework/Versions/A/CoreBluetooth
0x00007ff81a5f4000 	/System/Library/Frameworks/AudioUnit.framework/Versions/A/AudioUnit
0x00007ff80de56000 	/System/Library/PrivateFrameworks/CoreUtils.framework/Versions/A/CoreUtils
0x00007ffb0fcf6000 	/System/Library/PrivateFrameworks/CoreUtilsExtras.framework/Versions/A/CoreUtilsExtras
0x00007ffb1a65e000 	/System/Library/PrivateFrameworks/IO80211.framework/Versions/A/IO80211
0x00007ff902aca000 	/usr/lib/libAccessibility.dylib
0x00007ff8168f2000 	/System/Library/Frameworks/MediaAccessibility.framework/Versions/A/MediaAccessibility
0x00007ff81814f000 	/System/Library/PrivateFrameworks/FrontBoardServices.framework/Versions/A/FrontBoardServices
0x00007ff819bec000 	/System/Library/PrivateFrameworks/BackBoardServices.framework/Versions/A/BackBoardServices
0x00007ff81820b000 	/System/Library/PrivateFrameworks/BoardServices.framework/Versions/A/BoardServices
0x00007ff81080e000 	/System/Library/PrivateFrameworks/IconFoundation.framework/Versions/A/IconFoundation
0x00007ff81617d000 	/System/Library/PrivateFrameworks/SpeechRecognitionCore.framework/Versions/A/SpeechRecognitionCore
0x00007ffa07f34000 	/System/Library/Frameworks/OSLog.framework/Versions/A/OSLog
0x00007ff907b68000 	/System/Library/PrivateFrameworks/LoggingSupport.framework/Versions/A/LoggingSupport
0x000000010bc0c000 	/Users/devin.zhang/Library/Java/JavaVirtualMachines/corretto-1.8.0_402/Contents/Home/jre/lib/server/libjvm.dylib
0x000000010a8c8000 	/Users/devin.zhang/Library/Java/JavaVirtualMachines/corretto-1.8.0_402/Contents/Home/jre/lib/libverify.dylib
0x000000010a926000 	/Users/devin.zhang/Library/Java/JavaVirtualMachines/corretto-1.8.0_402/Contents/Home/jre/lib/libjava.dylib
0x000000010a972000 	/Users/devin.zhang/Library/Java/JavaVirtualMachines/corretto-1.8.0_402/Contents/Home/jre/lib/libinstrument.dylib
0x000000010a8f1000 	/Users/devin.zhang/Library/Java/JavaVirtualMachines/corretto-1.8.0_402/Contents/Home/jre/lib/libzip.dylib
0x00000001271d9000 	/Users/devin.zhang/Library/Java/JavaVirtualMachines/corretto-1.8.0_402/Contents/Home/jre/lib/libnio.dylib
0x000000012721f000 	/Users/devin.zhang/Library/Java/JavaVirtualMachines/corretto-1.8.0_402/Contents/Home/jre/lib/libnet.dylib
0x00000001276f7000 	/Users/devin.zhang/Library/Java/JavaVirtualMachines/corretto-1.8.0_402/Contents/Home/jre/lib/libawt.dylib
0x000000012787e000 	/Users/devin.zhang/Library/Java/JavaVirtualMachines/corretto-1.8.0_402/Contents/Home/jre/lib/libmlib_image.dylib
0x00007ffb041fc000 	/System/Library/Frameworks/JavaNativeFoundation.framework/Versions/A/JavaNativeFoundation
0x00007ffb04208000 	/System/Library/Frameworks/JavaRuntimeSupport.framework/Versions/A/JavaRuntimeSupport
0x00007ff9069b7000 	/System/Library/Frameworks/Carbon.framework/Versions/A/Carbon
0x00007ff81e6f3000 	/System/Library/Frameworks/Carbon.framework/Versions/A/Frameworks/CommonPanels.framework/Versions/A/CommonPanels
0x00007ff819f1c000 	/System/Library/Frameworks/Carbon.framework/Versions/A/Frameworks/Help.framework/Versions/A/Help
0x00007ff81e6f7000 	/System/Library/Frameworks/Carbon.framework/Versions/A/Frameworks/ImageCapture.framework/Versions/A/ImageCapture
0x00007ff81e6cf000 	/System/Library/Frameworks/Carbon.framework/Versions/A/Frameworks/OpenScripting.framework/Versions/A/OpenScripting
0x00007ff81e6ef000 	/System/Library/Frameworks/Carbon.framework/Versions/A/Frameworks/Ink.framework/Versions/A/Ink
0x00007ff81e6eb000 	/System/Library/Frameworks/Carbon.framework/Versions/A/Frameworks/SecurityHI.framework/Versions/A/SecurityHI
0x0000000127a24000 	/Users/devin.zhang/Library/Java/JavaVirtualMachines/corretto-1.8.0_402/Contents/Home/jre/lib/libawt_lwawt.dylib
0x0000000127684000 	/Users/devin.zhang/Library/Java/JavaVirtualMachines/corretto-1.8.0_402/Contents/Home/jre/lib/libosxapp.dylib
0x00007ff905bd0000 	/System/Library/Frameworks/ExceptionHandling.framework/Versions/A/ExceptionHandling
0x00007ff817898000 	/System/Library/Frameworks/FileProvider.framework/Versions/A/FileProvider
0x00007ff808d57000 	/System/Library/Frameworks/Accounts.framework/Versions/A/Accounts
0x00007ff817a3f000 	/System/Library/PrivateFrameworks/GenerationalStorage.framework/Versions/A/GenerationalStorage
0x00007ff8172a6000 	/System/Library/PrivateFrameworks/SymptomDiagnosticReporter.framework/Versions/A/SymptomDiagnosticReporter
0x00007ff806ab4000 	/System/Library/PrivateFrameworks/DesktopServicesPriv.framework/Versions/A/DesktopServicesPriv
0x00007ff805468000 	/usr/lib/libsandbox.1.dylib
0x00007ff812be0000 	/System/Library/PrivateFrameworks/NetAuth.framework/Versions/A/NetAuth
0x00007ff813ea4000 	/System/Library/PrivateFrameworks/Sharing.framework/Versions/A/Sharing
0x00007ff80abce000 	/System/Library/PrivateFrameworks/login.framework/Versions/A/Frameworks/loginsupport.framework/Versions/A/loginsupport
0x00007ff819a2e000 	/System/Library/PrivateFrameworks/Apple80211.framework/Versions/A/Apple80211
0x00007ff80e89e000 	/System/Library/PrivateFrameworks/AuthKit.framework/Versions/A/AuthKit
0x00007ff80dddd000 	/System/Library/Frameworks/CoreWLAN.framework/Versions/A/CoreWLAN
0x00007ff907c21000 	/usr/lib/swift/libswiftCoreAudio.dylib
0x00007ff90cf3a000 	/usr/lib/swift/libswiftCoreLocation.dylib
0x00007ff810569000 	/usr/lib/libIOReport.dylib
0x00007ff819a32000 	/System/Library/PrivateFrameworks/CoreWiFi.framework/Versions/A/CoreWiFi
0x00007ffa0eb06000 	/System/Library/PrivateFrameworks/WiFiPeerToPeer.framework/Versions/A/WiFiPeerToPeer
0x00007ff80ea41000 	/System/Library/Frameworks/UserNotifications.framework/Versions/A/UserNotifications
0x00007ff8130db000 	/System/Library/PrivateFrameworks/CorePhoneNumbers.framework/Versions/A/CorePhoneNumbers
0x00007ff8128bb000 	/System/Library/PrivateFrameworks/MultiverseSupport.framework/Versions/A/MultiverseSupport
0x00007ff819e6b000 	/System/Library/PrivateFrameworks/RemoteServiceDiscovery.framework/Versions/A/RemoteServiceDiscovery
0x00007ff8173c1000 	/System/Library/PrivateFrameworks/DiskManagement.framework/Versions/A/DiskManagement
0x00007ff8172d9000 	/System/Library/PrivateFrameworks/AppleIDAuthSupport.framework/Versions/A/AppleIDAuthSupport
0x00007ffb08bb1000 	/System/Library/PrivateFrameworks/AAAFoundation.framework/Versions/A/AAAFoundation
0x00007ff8130b4000 	/System/Library/PrivateFrameworks/KeychainCircle.framework/Versions/A/KeychainCircle
0x00007ff819e7f000 	/System/Library/PrivateFrameworks/RemoteXPC.framework/Versions/A/RemoteXPC
0x00007ff819f24000 	/usr/lib/libcsfde.dylib
0x00007ff810712000 	/usr/lib/libCoreStorage.dylib
0x00007ff81738d000 	/System/Library/PrivateFrameworks/MediaKit.framework/Versions/A/MediaKit
0x00007ff8172e5000 	/System/Library/Frameworks/DiscRecording.framework/Versions/A/DiscRecording
0x00007ff8142a4000 	/System/Library/PrivateFrameworks/ProtectedCloudStorage.framework/Versions/A/ProtectedCloudStorage
0x00007ff819f20000 	/System/Library/PrivateFrameworks/EFILogin.framework/Versions/A/EFILogin
0x00007ff817a67000 	/System/Library/PrivateFrameworks/OctagonTrust.framework/Versions/A/OctagonTrust
0x00007ff80c12d000 	/System/Library/Frameworks/CoreLocation.framework/Versions/A/CoreLocation
0x00007ff8144fc000 	/System/Library/PrivateFrameworks/GeoServices.framework/Versions/A/GeoServices
0x00007ff81257a000 	/System/Library/PrivateFrameworks/LocationSupport.framework/Versions/A/LocationSupport
0x00007ffb17471000 	/System/Library/PrivateFrameworks/GeoServicesCore.framework/Versions/A/GeoServicesCore
0x00007ff902aaa000 	/System/Library/PrivateFrameworks/PhoneNumbers.framework/Versions/A/PhoneNumbers
0x00007ff81070a000 	/usr/lib/libMatch.1.dylib
0x00007ff9107f7000 	/System/Library/CoreServices/RawCamera.bundle/Contents/MacOS/RawCamera
0x00007ff812fbb000 	/System/Library/PrivateFrameworks/MobileAsset.framework/Versions/A/MobileAsset
0x00007ffb0a83a000 	/System/Library/PrivateFrameworks/AppleJPEGXL.framework/Versions/A/AppleJPEGXL
0x00007ff90d8c0000 	/System/Library/PrivateFrameworks/SoftwareUpdateCoreSupport.framework/Versions/A/SoftwareUpdateCoreSupport
0x00007ff91501c000 	/System/Library/PrivateFrameworks/SoftwareUpdateCoreConnect.framework/Versions/A/SoftwareUpdateCoreConnect
0x00007ff81a618000 	/System/Library/PrivateFrameworks/StreamingZip.framework/Versions/A/StreamingZip
0x00007ff90d556000 	/System/Library/PrivateFrameworks/MSUDataAccessor.framework/Versions/A/MSUDataAccessor
0x00007ff909709000 	/usr/lib/libbootpolicy.dylib
0x00007ff91ba82000 	/usr/lib/libpartition2_dynamic.dylib
0x00007ffb0bda0000 	/System/Library/PrivateFrameworks/CMPhoto.framework/Versions/A/CMPhoto
0x00007ff8184c2000 	/System/Library/PrivateFrameworks/AppleVPA.framework/Versions/A/AppleVPA
0x00007ff811706000 	/System/Library/Frameworks/MediaToolbox.framework/Versions/A/MediaToolbox
0x00007ff817868000 	/System/Library/PrivateFrameworks/CoreAVCHD.framework/Versions/A/CoreAVCHD
0x00007ff817864000 	/System/Library/PrivateFrameworks/Mangrove.framework/Versions/A/Mangrove
0x00007ff817df7000 	/System/Library/Frameworks/CoreTelephony.framework/Versions/A/CoreTelephony
0x00007ff8174a9000 	/System/Library/PrivateFrameworks/CoreAUC.framework/Versions/A/CoreAUC
0x00007ff8130e4000 	/usr/lib/libTelephonyUtilDynamic.dylib
0x00007ff90cf1b000 	/System/Library/Frameworks/Accelerate.framework/Versions/A/Frameworks/vImage.framework/Versions/A/Libraries/libCGInterfaces.dylib
0x00000001279cb000 	/usr/lib/libobjc-trampolines.dylib
0x00007ffc14ea3000 	/usr/lib/libAccessibilityBaseImplementations.dylib
0x00007ff810a84000 	/System/Library/PrivateFrameworks/login.framework/Versions/A/login
0x00007ff81831c000 	/System/Library/Frameworks/LocalAuthentication.framework/Versions/A/LocalAuthentication
0x00007ff81835d000 	/System/Library/Frameworks/LocalAuthentication.framework/Support/SharedUtils.framework/Versions/A/SharedUtils
0x00007ff8182bb000 	/System/Library/Frameworks/CryptoTokenKit.framework/Versions/A/CryptoTokenKit
0x00007ff80a8e1000 	/System/Library/PrivateFrameworks/ViewBridge.framework/Versions/A/ViewBridge
0x0000000130897000 	/Users/devin.zhang/Library/Caches/JNA/temp/jna9206326957993422954.tmp
0x00007ffb04210000 	/System/Library/Frameworks/JavaVM.framework/Versions/A/JavaVM
0x0000000130b4e000 	/usr/local/Cellar/tesseract/5.3.4_1/lib/libtesseract.5.dylib
0x0000000130df2000 	/usr/local/Cellar/leptonica/1.84.1/lib/libleptonica.6.dylib
0x000000013094f000 	/usr/local/Cellar/libarchive/3.7.3/lib/libarchive.13.dylib
0x00000001308dc000 	/usr/local/Cellar/libpng/1.6.43/lib/libpng16.16.dylib
0x0000000130a93000 	/usr/local/Cellar/jpeg-turbo/3.0.2/lib/libjpeg.8.3.2.dylib
0x0000000130878000 	/usr/local/Cellar/giflib/5.2.1/lib/libgif.7.2.0.dylib
0x0000000131006000 	/usr/local/Cellar/libtiff/4.6.0/lib/libtiff.6.dylib
0x000000013108a000 	/usr/local/Cellar/webp/1.3.2/lib/libwebp.7.1.8.dylib
0x00000001308ad000 	/usr/local/Cellar/webp/1.3.2/lib/libwebpmux.3.0.13.dylib
0x00000001310f2000 	/usr/local/Cellar/openjpeg/2.5.2/lib/libopenjp2.2.5.2.dylib
0x00000001311fd000 	/usr/local/Cellar/zstd/1.5.6/lib/libzstd.1.5.6.dylib
0x00000001309f1000 	/usr/local/Cellar/xz/5.6.1/lib/liblzma.5.dylib
0x00000001308bd000 	/usr/local/Cellar/webp/1.3.2/lib/libsharpyuv.0.0.1.dylib
0x0000000130a1d000 	/usr/local/Cellar/lz4/1.9.4/lib/liblz4.1.9.4.dylib
0x0000000130a45000 	/usr/local/Cellar/libb2/0.98.1/lib/libb2.1.dylib
0x00007ff819f30000 	/usr/lib/libcurl.4.dylib
0x00007ffc1561e000 	/usr/lib/libcrypto.46.dylib
0x00007ffc162bb000 	/usr/lib/libssl.48.dylib
0x00007ff819c0e000 	/System/Library/Frameworks/LDAP.framework/Versions/A/LDAP
0x00007ff819c4a000 	/System/Library/PrivateFrameworks/TrustEvaluationAgent.framework/Versions/A/TrustEvaluationAgent
0x00007ff8128a7000 	/usr/lib/libsasl2.2.dylib

VM Arguments:
jvm_args: -javaagent:/Applications/IntelliJ IDEA.app/Contents/lib/idea_rt.jar=50205:/Applications/IntelliJ IDEA.app/Contents/bin -Dfile.encoding=UTF-8 
java_command: test.ticket.tickettools.TestCOR
java_class_path (initial): /Users/devin.zhang/Library/Java/JavaVirtualMachines/corretto-1.8.0_402/Contents/Home/jre/lib/charsets.jar:/Users/devin.zhang/Library/Java/JavaVirtualMachines/corretto-1.8.0_402/Contents/Home/jre/lib/ext/cldrdata.jar:/Users/devin.zhang/Library/Java/JavaVirtualMachines/corretto-1.8.0_402/Contents/Home/jre/lib/ext/dnsns.jar:/Users/devin.zhang/Library/Java/JavaVirtualMachines/corretto-1.8.0_402/Contents/Home/jre/lib/ext/jaccess.jar:/Users/devin.zhang/Library/Java/JavaVirtualMachines/corretto-1.8.0_402/Contents/Home/jre/lib/ext/jfxrt.jar:/Users/devin.zhang/Library/Java/JavaVirtualMachines/corretto-1.8.0_402/Contents/Home/jre/lib/ext/localedata.jar:/Users/devin.zhang/Library/Java/JavaVirtualMachines/corretto-1.8.0_402/Contents/Home/jre/lib/ext/nashorn.jar:/Users/devin.zhang/Library/Java/JavaVirtualMachines/corretto-1.8.0_402/Contents/Home/jre/lib/ext/sunec.jar:/Users/devin.zhang/Library/Java/JavaVirtualMachines/corretto-1.8.0_402/Contents/Home/jre/lib/ext/sunjce_provider.jar:/Users/devin.zhang/Library/Java/JavaVirtualMachines/corretto-1.8.0_402/Contents/Home/jre/lib/ext/sunpkcs11.jar:/Users/devin.zhang/Library/Java/JavaVirtualMachines/corretto-1.8.0_402/Contents/Home/jre/lib/ext/zipfs.jar:/Users/devin.zhang/Library/Java/JavaVirtualMachines/corretto-1.8.0_402/Contents/Home/jre/lib/jce.jar:/Users/devin.zhang/Library/Java/JavaVirtualMachines/corretto-1.8.0_402/Contents/Home/jre/lib/jfr.jar:/Users/devin.zhang/Library/Java/JavaVirtualMachines/corretto-1.8.0_402/Contents/Home/jre/lib/jfxswt.jar:/Users/devin.zhang/Library/Java/JavaVirtualMachines/corretto-1.8.0_402/Contents/Home/jre/lib/jsse.jar:/Users/devin.zhang/Library/Java/JavaVirtualMachines/corretto-1.8.0_402/Contents/Home/jre/lib/management-agent.jar:/Users/devin.zhang/Library/Java/JavaVirtualMachines/corretto-1.8.0_402/Contents/Home/jre/lib/resources.jar:/Users/devin.zhang/Library/Java/JavaVirtualMachines/corretto-1.8.0_402/Contents/Home/jre/lib/rt.jar:/Users/devin.zhang/Library/Java/JavaVirt
Launcher Type: SUN_STANDARD

Environment Variables:
PATH=/usr/bin:/bin:/usr/sbin:/sbin
SHELL=/bin/zsh

Signal Handlers:
SIGSEGV: [libjvm.dylib+0x56f7f9], sa_mask[0]=11111111011111110111111111111111, sa_flags=SA_ONSTACK|SA_RESTART|SA_SIGINFO
SIGBUS: [libjvm.dylib+0x56f7f9], sa_mask[0]=11111111011111110111111111111111, sa_flags=SA_RESTART|SA_SIGINFO
SIGFPE: [libjvm.dylib+0x46b033], sa_mask[0]=11111111011111110111111111111111, sa_flags=SA_RESTART|SA_SIGINFO
SIGPIPE: [libjvm.dylib+0x46b033], sa_mask[0]=11111111011111110111111111111111, sa_flags=SA_RESTART|SA_SIGINFO
SIGXFSZ: [libjvm.dylib+0x46b033], sa_mask[0]=11111111011111110111111111111111, sa_flags=SA_RESTART|SA_SIGINFO
SIGILL: [libjvm.dylib+0x46b033], sa_mask[0]=11111111011111110111111111111111, sa_flags=SA_RESTART|SA_SIGINFO
SIGUSR1: SIG_DFL, sa_mask[0]=00000000000000000000000000000000, sa_flags=none
SIGUSR2: [libjvm.dylib+0x46b91c], sa_mask[0]=00100000000000000000000000000000, sa_flags=SA_RESTART|SA_SIGINFO
SIGHUP: [libjvm.dylib+0x469b0b], sa_mask[0]=11111111011111110111111111111111, sa_flags=SA_RESTART|SA_SIGINFO
SIGINT: [libjvm.dylib+0x469b0b], sa_mask[0]=11111111011111110111111111111111, sa_flags=SA_RESTART|SA_SIGINFO
SIGTERM: [libjvm.dylib+0x469b0b], sa_mask[0]=11111111011111110111111111111111, sa_flags=SA_RESTART|SA_SIGINFO
SIGQUIT: [libjvm.dylib+0x469b0b], sa_mask[0]=11111111011111110111111111111111, sa_flags=SA_RESTART|SA_SIGINFO


---------------  S Y S T E M  ---------------

OS:Bsduname:Darwin 23.1.0 Darwin Kernel Version 23.1.0: Mon Oct  9 21:27:27 PDT 2023; root:xnu-10002.41.9~6/RELEASE_X86_64 x86_64
rlimit: STACK 8192k, CORE 0k, NPROC 2784, NOFILE 12544, AS infinity
load average:3.79 4.16 3.91

CPU:total 8 (initial active 8) (4 cores per cpu, 2 threads per core) family 6 model 126 stepping 5, cmov, cx8, fxsr, mmx, sse, sse2, sse3, ssse3, sse4.1, sse4.2, popcnt, avx, avx2, aes, clmul, erms, 3dnowpref, lzcnt, ht, tsc, tscinvbit, bmi1, bmi2, adx

Memory: 4k page, physical 16777216k(37652k free)

/proc/meminfo:


vm_info: OpenJDK 64-Bit Server VM (25.402-b08) for bsd-amd64 JRE (1.8.0_402-b08), built on Jan 18 2024 20:52:36 by "ec2-user" with gcc Apple LLVM 14.0.0 (clang-1400.0.29.202)

time: Sat Apr 13 12:59:57 2024
timezone: CST
elapsed time: 1.885508 seconds (0d 0h 0m 1s)

