#
# A fatal error has been detected by the Java Runtime Environment:
#
#  SIGSEGV (0xb) at pc=0x000000014a697948, pid=81961, tid=0x0000000000001503
#
# JRE version: OpenJDK Runtime Environment (8.0_402-b08) (build 1.8.0_402-b08)
# Java VM: OpenJDK 64-Bit Server VM (25.402-b08 mixed mode bsd-amd64 compressed oops)
# Problematic frame:
# C  [libtesseract.4.dylib+0x1c948]  tesseract::Tesseract::recog_all_words(PAGE_RES*, ETEXT_DESC*, TBOX const*, char const*, int)+0xc8
#
# Failed to write core dump. Core dumps have been disabled. To enable core dumping, try "ulimit -c unlimited" before starting Java again
#
# If you would like to submit a bug report, please visit:
#   https://github.com/corretto/corretto-8/issues/
# The crash happened outside the Java Virtual Machine in native code.
# See problematic frame for where to report the bug.
#

---------------  T H R E A D  ---------------

Current thread (0x00007f9020809800):  JavaThread "main" [_thread_in_native, id=5379, stack(0x0000700002beb000,0x0000700002ceb000)]

siginfo: si_signo: 11 (SIGSEGV), si_code: 1 (SEGV_MAPERR), si_addr: 0x000000000000000c

Registers:
RAX=0x0000000000000000, RBX=0x0000000000000000, RCX=0x0000000000000000, RDX=0x0000000000000001
RSP=0x0000700002cea630, RBP=0x0000700002cea7e0, RSI=0x0000000000000001, RDI=0x0000700002cea680
R8 =0x0000000000000000, R9 =0x0000000000000000, R10=0x0000000000000030, R11=0x0000000000000510
R12=0x00007f9027034000, R13=0x0000000000000000, R14=0x0000000000000000, R15=0x0000600003ee9020
RIP=0x000000014a697948, EFLAGS=0x0000000000010246, ERR=0x0000000000000004
  TRAPNO=0x000000000000000e

Top of Stack: (sp=0x0000700002cea630)
0x0000700002cea630:   0000600003ee9020 0000000000000000
0x0000700002cea640:   0000000000000000 0000000000000000
0x0000700002cea650:   00007f9021c507d0 00006000014cf240
0x0000700002cea660:   00006000014f36f0 0000000000000000
0x0000700002cea670:   0000000000000000 0000000000000000
0x0000700002cea680:   0000600003ee9028 00006000014f36f0
0x0000700002cea690:   00006000014f36f0 00006000014f36f0
0x0000700002cea6a0:   00006000014f36f0 0000600003010000
0x0000700002cea6b0:   00006000014f3718 00006000014cf240
0x0000700002cea6c0:   00006000014cf240 00006000014cf240
0x0000700002cea6d0:   00006000014cf240 0000600002010000
0x0000700002cea6e0:   00006000014cf260 00007f9021c50fc0
0x0000700002cea6f0:   00007f9021c507d0 00007f9021b17800
0x0000700002cea700:   00007f9021c507d0 0000600001010000
0x0000700002cea710:   00006000014cf260 00007f9021c50fc0
0x0000700002cea720:   00007f9021c507d0 00007f9021b17800
0x0000700002cea730:   00007f9021c507d0 0000600002000000
0x0000700002cea740:   00006000014cf260 00007f9021c50fc0
0x0000700002cea750:   00007f9021c507d0 00007f9021b17800
0x0000700002cea760:   00007f9021c507d0 0000600001000000
0x0000700002cea770:   00006000028b74e0 00006000028b74e0
0x0000700002cea780:   00006000028b74e0 00006000028b74e0
0x0000700002cea790:   0000000102010000 0000000100000060
0x0000700002cea7a0:   0000000003ee9020 0000000000000000
0x0000700002cea7b0:   0000000000000000 0000000000000000
0x0000700002cea7c0:   0000600002b86620 00007f9020bd1400
0x0000700002cea7d0:   0000000000000000 00007f90270562e0
0x0000700002cea7e0:   0000700002cea850 000000014a67f331
0x0000700002cea7f0:   0000700002cea810 000000010465b8b5
0x0000700002cea800:   0000000000000000 0000700002cea930
0x0000700002cea810:   0000700002cea820 00007f9027034000
0x0000700002cea820:   000000000000009e 0000600002b86620 

Instructions: (pc=0x000000014a697948)
0x000000014a697928:   3d 20 00 41 83 bc 24 08 14 00 00 00 7e 0a 4c 89
0x000000014a697938:   e7 e8 fe 5e 20 00 eb 16 49 8b 84 24 b0 09 00 00
0x000000014a697948:   80 78 0c 00 74 08 4c 89 e7 e8 f2 5e 20 00 41 83
0x000000014a697958:   bc 24 d8 44 02 00 00 7e 4d 31 db eb 20 66 2e 0f 

Register to memory mapping:

RAX=0x0000000000000000 is an unknown value
RBX=0x0000000000000000 is an unknown value
RCX=0x0000000000000000 is an unknown value
RDX=0x0000000000000001 is an unknown value
RSP=0x0000700002cea630 is pointing into the stack for thread: 0x00007f9020809800
RBP=0x0000700002cea7e0 is pointing into the stack for thread: 0x00007f9020809800
RSI=0x0000000000000001 is an unknown value
RDI=0x0000700002cea680 is pointing into the stack for thread: 0x00007f9020809800
R8 =0x0000000000000000 is an unknown value
R9 =0x0000000000000000 is an unknown value
R10=0x0000000000000030 is an unknown value
R11=0x0000000000000510 is an unknown value
R12=0x00007f9027034000 is an unknown value
R13=0x0000000000000000 is an unknown value
R14=0x0000000000000000 is an unknown value
R15=0x0000600003ee9020 is an unknown value


Stack: [0x0000700002beb000,0x0000700002ceb000],  sp=0x0000700002cea630,  free space=1021k
Native frames: (J=compiled Java code, j=interpreted, Vv=VM code, C=native code)
C  [libtesseract.4.dylib+0x1c948]  tesseract::Tesseract::recog_all_words(PAGE_RES*, ETEXT_DESC*, TBOX const*, char const*, int)+0xc8
C  [libtesseract.4.dylib+0x4331]  tesseract::TessBaseAPI::Recognize(ETEXT_DESC*)+0x3f1
C  [libtesseract.4.dylib+0x2c9b]  tesseract::TessBaseAPI::GetUTF8Text()+0x2b
C  [libjnitesseract.dylib+0x368b5]  Java_org_bytedeco_tesseract_TessBaseAPI_GetUTF8Text+0x55
j  org.bytedeco.tesseract.TessBaseAPI.GetUTF8Text()Lorg/bytedeco/javacpp/BytePointer;+0
j  test.ticket.tickettools.TestCOR.getCaptchaCode(Ljava/lang/String;)Ljava/lang/String;+85
j  test.ticket.tickettools.TestCOR.main([Ljava/lang/String;)V+250
v  ~StubRoutines::call_stub
V  [libjvm.dylib+0x2bfc30]  JavaCalls::call_helper(JavaValue*, methodHandle*, JavaCallArguments*, Thread*)+0x728
V  [libjvm.dylib+0x2fe1d9]  jni_invoke_static(JNIEnv_*, JavaValue*, _jobject*, JNICallType, _jmethodID*, JNI_ArgumentPusher*, Thread*)+0x231
V  [libjvm.dylib+0x300b66]  jni_CallStaticVoidMethod+0x173
C  [java+0x53fa]  JavaMain+0x9b5
C  [libsystem_pthread.dylib+0x6202]  _pthread_start+0x63
C  [libsystem_pthread.dylib+0x1bab]  thread_start+0xf
C  0x0000000000000000

Java frames: (J=compiled Java code, j=interpreted, Vv=VM code)
j  org.bytedeco.tesseract.TessBaseAPI.GetUTF8Text()Lorg/bytedeco/javacpp/BytePointer;+0
j  test.ticket.tickettools.TestCOR.getCaptchaCode(Ljava/lang/String;)Ljava/lang/String;+85
j  test.ticket.tickettools.TestCOR.main([Ljava/lang/String;)V+250
v  ~StubRoutines::call_stub

---------------  P R O C E S S  ---------------

Java Threads: ( => current thread )
  0x00007f9022307800 JavaThread "AWT-Shutdown" [_thread_blocked, id=79127, stack(0x000070000453c000,0x000070000463c000)]
  0x00007f90234e7000 JavaThread "JavaCPP Deallocator" daemon [_thread_blocked, id=73739, stack(0x0000700004333000,0x0000700004433000)]
  0x00007f90239cd800 JavaThread "Java2D Queue Flusher" daemon [_thread_blocked, id=69651, stack(0x000070000494e000,0x0000700004a4e000)]
  0x00007f90234e0000 JavaThread "Java2D Disposer" daemon [_thread_blocked, id=56075, stack(0x000070000484b000,0x000070000494b000)]
  0x00007f9025422000 JavaThread "AWT-AppKit" daemon [_thread_in_native, id=259, stack(0x00007ff7bc985000,0x00007ff7bd185000)]
  0x00007f902387d000 JavaThread "Service Thread" daemon [_thread_blocked, id=32003, stack(0x000070000412d000,0x000070000422d000)]
  0x00007f90240dd000 JavaThread "C1 CompilerThread3" daemon [_thread_blocked, id=32259, stack(0x000070000402a000,0x000070000412a000)]
  0x00007f902387c000 JavaThread "C2 CompilerThread2" daemon [_thread_blocked, id=32515, stack(0x0000700003f27000,0x0000700004027000)]
  0x00007f9025277000 JavaThread "C2 CompilerThread1" daemon [_thread_blocked, id=21763, stack(0x0000700003e24000,0x0000700003f24000)]
  0x00007f9022192000 JavaThread "C2 CompilerThread0" daemon [_thread_blocked, id=20227, stack(0x0000700003d21000,0x0000700003e21000)]
  0x00007f902102b000 JavaThread "JDWP Command Reader" daemon [_thread_in_native, id=20483, stack(0x0000700003c1e000,0x0000700003d1e000)]
  0x00007f9023813000 JavaThread "JDWP Event Helper Thread" daemon [_thread_blocked, id=19459, stack(0x0000700003b1b000,0x0000700003c1b000)]
  0x00007f9024026800 JavaThread "JDWP Transport Listener: dt_socket" daemon [_thread_blocked, id=18947, stack(0x0000700003a18000,0x0000700003b18000)]
  0x00007f9023030000 JavaThread "Signal Dispatcher" daemon [_thread_blocked, id=18435, stack(0x0000700003915000,0x0000700003a15000)]
  0x00007f9020830000 JavaThread "Finalizer" daemon [_thread_blocked, id=13315, stack(0x000070000370c000,0x000070000380c000)]
  0x00007f9023812000 JavaThread "Reference Handler" daemon [_thread_blocked, id=12547, stack(0x0000700003609000,0x0000700003709000)]
=>0x00007f9020809800 JavaThread "main" [_thread_in_native, id=5379, stack(0x0000700002beb000,0x0000700002ceb000)]

Other Threads:
  0x00007f9020827800 VMThread [stack: 0x0000700003506000,0x0000700003606000] [id=12291]
  0x00007f9022193000 WatcherThread [stack: 0x0000700004230000,0x0000700004330000] [id=23043]

VM state:not at safepoint (normal execution)

VM Mutex/Monitor currently owned by a thread: None

heap address: 0x00000006c0000000, size: 4096 MB, Compressed Oops mode: Zero based, Oop shift amount: 3
Narrow klass base: 0x0000000000000000, Narrow klass shift: 3
Compressed class space size: 1073741824 Address: 0x00000007c0000000

Heap:
 PSYoungGen      total 65536K, used 22982K [0x000000076ab00000, 0x0000000770000000, 0x00000007c0000000)
  eden space 63488K, 33% used [0x000000076ab00000,0x000000076bfb6890,0x000000076e900000)
  from space 2048K, 86% used [0x000000076fe00000,0x000000076ffbb168,0x0000000770000000)
  to   space 10752K, 0% used [0x000000076eb00000,0x000000076eb00000,0x000000076f580000)
 ParOldGen       total 113664K, used 7651K [0x00000006c0000000, 0x00000006c6f00000, 0x000000076ab00000)
  object space 113664K, 6% used [0x00000006c0000000,0x00000006c0778f90,0x00000006c6f00000)
 Metaspace       used 30271K, capacity 30744K, committed 30976K, reserved 1077248K
  class space    used 2901K, capacity 3017K, committed 3072K, reserved 1048576K

Card table byte_map: [0x0000000103701000,0x0000000103f02000] byte_map_base: 0x0000000100101000

Marking Bits: (ParMarkBitMap*) 0x00000001047f3db8
 Begin Bits: [0x0000000114466000, 0x0000000118466000)
 End Bits:   [0x0000000118466000, 0x000000011c466000)

Polling page: 0x0000000102dfc000

CodeCache: size=245760Kb used=6019Kb max_used=6019Kb free=239740Kb
 bounds [0x0000000104f10000, 0x0000000105500000, 0x0000000113f10000]
 total_blobs=2785 nmethods=1479 adapters=1227
 compilation: enabled

Compilation events (10 events):
Event: 10.693 Thread 0x00007f90240dd000 1477       1       java.util.concurrent.locks.AbstractQueuedSynchronizer::getState (5 bytes)
Event: 10.693 Thread 0x00007f90240dd000 nmethod 1477 0x000000010546e410 code [0x000000010546e560, 0x000000010546e670]
Event: 13.597 Thread 0x00007f90240dd000 1479       3       java.util.concurrent.locks.AbstractOwnableSynchronizer::setExclusiveOwnerThread (6 bytes)
Event: 13.597 Thread 0x00007f90240dd000 nmethod 1479 0x00000001054c9250 code [0x00000001054c93a0, 0x00000001054c9510]
Event: 13.597 Thread 0x00007f90240dd000 1478       1       java.util.concurrent.locks.AbstractOwnableSynchronizer::getExclusiveOwnerThread (5 bytes)
Event: 13.597 Thread 0x00007f90240dd000 nmethod 1478 0x00000001054c9590 code [0x00000001054c96e0, 0x00000001054c97f0]
Event: 31.472 Thread 0x00007f90240dd000 1480 %     3       java.io.DataOutputStream::writeUTF @ 211 (435 bytes)
Event: 31.475 Thread 0x00007f90240dd000 nmethod 1480% 0x00000001054d0d50 code [0x00000001054d1080, 0x00000001054d2f28]
Event: 41.379 Thread 0x00007f90240dd000 1481       3       java.io.DataOutputStream::writeUTF (435 bytes)
Event: 41.382 Thread 0x00007f90240dd000 nmethod 1481 0x00000001054f0cd0 code [0x00000001054f1000, 0x00000001054f2d48]

GC Heap History (10 events):
Event: 3.080 GC heap before
{Heap before GC invocations=3 (full 1):
 PSYoungGen      total 76288K, used 8311K [0x000000076ab00000, 0x0000000770000000, 0x00000007c0000000)
  eden space 65536K, 0% used [0x000000076ab00000,0x000000076ab00000,0x000000076eb00000)
  from space 10752K, 77% used [0x000000076f580000,0x000000076fd9dd78,0x0000000770000000)
  to   space 10752K, 0% used [0x000000076eb00000,0x000000076eb00000,0x000000076f580000)
 ParOldGen       total 175104K, used 32K [0x00000006c0000000, 0x00000006cab00000, 0x000000076ab00000)
  object space 175104K, 0% used [0x00000006c0000000,0x00000006c0008000,0x00000006cab00000)
 Metaspace       used 20653K, capacity 21068K, committed 21248K, reserved 1069056K
  class space    used 2329K, capacity 2464K, committed 2560K, reserved 1048576K
Event: 3.102 GC heap after
Heap after GC invocations=3 (full 1):
 PSYoungGen      total 76288K, used 0K [0x000000076ab00000, 0x0000000770000000, 0x00000007c0000000)
  eden space 65536K, 0% used [0x000000076ab00000,0x000000076ab00000,0x000000076eb00000)
  from space 10752K, 0% used [0x000000076f580000,0x000000076f580000,0x0000000770000000)
  to   space 10752K, 0% used [0x000000076eb00000,0x000000076eb00000,0x000000076f580000)
 ParOldGen       total 113664K, used 7643K [0x00000006c0000000, 0x00000006c6f00000, 0x000000076ab00000)
  object space 113664K, 6% used [0x00000006c0000000,0x00000006c0776f90,0x00000006c6f00000)
 Metaspace       used 20653K, capacity 21068K, committed 21248K, reserved 1069056K
  class space    used 2329K, capacity 2464K, committed 2560K, reserved 1048576K
}
Event: 10.118 GC heap before
{Heap before GC invocations=4 (full 1):
 PSYoungGen      total 76288K, used 65536K [0x000000076ab00000, 0x0000000770000000, 0x00000007c0000000)
  eden space 65536K, 100% used [0x000000076ab00000,0x000000076eb00000,0x000000076eb00000)
  from space 10752K, 0% used [0x000000076f580000,0x000000076f580000,0x0000000770000000)
  to   space 10752K, 0% used [0x000000076eb00000,0x000000076eb00000,0x000000076f580000)
 ParOldGen       total 113664K, used 7643K [0x00000006c0000000, 0x00000006c6f00000, 0x000000076ab00000)
  object space 113664K, 6% used [0x00000006c0000000,0x00000006c0776f90,0x00000006c6f00000)
 Metaspace       used 22263K, capacity 22704K, committed 22912K, reserved 1069056K
  class space    used 2526K, capacity 2664K, committed 2688K, reserved 1048576K
Event: 10.120 GC heap after
Heap after GC invocations=4 (full 1):
 PSYoungGen      total 76288K, used 831K [0x000000076ab00000, 0x0000000771380000, 0x00000007c0000000)
  eden space 65536K, 0% used [0x000000076ab00000,0x000000076ab00000,0x000000076eb00000)
  from space 10752K, 7% used [0x000000076eb00000,0x000000076ebcfe38,0x000000076f580000)
  to   space 10752K, 0% used [0x0000000770900000,0x0000000770900000,0x0000000771380000)
 ParOldGen       total 113664K, used 7651K [0x00000006c0000000, 0x00000006c6f00000, 0x000000076ab00000)
  object space 113664K, 6% used [0x00000006c0000000,0x00000006c0778f90,0x00000006c6f00000)
 Metaspace       used 22263K, capacity 22704K, committed 22912K, reserved 1069056K
  class space    used 2526K, capacity 2664K, committed 2688K, reserved 1048576K
}
Event: 11.664 GC heap before
{Heap before GC invocations=5 (full 1):
 PSYoungGen      total 76288K, used 66367K [0x000000076ab00000, 0x0000000771380000, 0x00000007c0000000)
  eden space 65536K, 100% used [0x000000076ab00000,0x000000076eb00000,0x000000076eb00000)
  from space 10752K, 7% used [0x000000076eb00000,0x000000076ebcfe38,0x000000076f580000)
  to   space 10752K, 0% used [0x0000000770900000,0x0000000770900000,0x0000000771380000)
 ParOldGen       total 113664K, used 7651K [0x00000006c0000000, 0x00000006c6f00000, 0x000000076ab00000)
  object space 113664K, 6% used [0x00000006c0000000,0x00000006c0778f90,0x00000006c6f00000)
 Metaspace       used 25859K, capacity 26290K, committed 26496K, reserved 1073152K
  class space    used 2530K, capacity 2664K, committed 2688K, reserved 1048576K
Event: 11.666 GC heap after
Heap after GC invocations=5 (full 1):
 PSYoungGen      total 66048K, used 512K [0x000000076ab00000, 0x0000000770980000, 0x00000007c0000000)
  eden space 65536K, 0% used [0x000000076ab00000,0x000000076ab00000,0x000000076eb00000)
  from space 512K, 100% used [0x0000000770900000,0x0000000770980000,0x0000000770980000)
  to   space 10752K, 0% used [0x000000076f480000,0x000000076f480000,0x000000076ff00000)
 ParOldGen       total 113664K, used 7651K [0x00000006c0000000, 0x00000006c6f00000, 0x000000076ab00000)
  object space 113664K, 6% used [0x00000006c0000000,0x00000006c0778f90,0x00000006c6f00000)
 Metaspace       used 25859K, capacity 26290K, committed 26496K, reserved 1073152K
  class space    used 2530K, capacity 2664K, committed 2688K, reserved 1048576K
}
Event: 13.644 GC heap before
{Heap before GC invocations=6 (full 1):
 PSYoungGen      total 66048K, used 66048K [0x000000076ab00000, 0x0000000770980000, 0x00000007c0000000)
  eden space 65536K, 100% used [0x000000076ab00000,0x000000076eb00000,0x000000076eb00000)
  from space 512K, 100% used [0x0000000770900000,0x0000000770980000,0x0000000770980000)
  to   space 10752K, 0% used [0x000000076f480000,0x000000076f480000,0x000000076ff00000)
 ParOldGen       total 113664K, used 7651K [0x00000006c0000000, 0x00000006c6f00000, 0x000000076ab00000)
  object space 113664K, 6% used [0x00000006c0000000,0x00000006c0778f90,0x00000006c6f00000)
 Metaspace       used 26322K, capacity 26738K, committed 27008K, reserved 1073152K
  class space    used 2539K, capacity 2664K, committed 2688K, reserved 1048576K
Event: 13.645 GC heap after
Heap after GC invocations=6 (full 1):
 PSYoungGen      total 65536K, used 576K [0x000000076ab00000, 0x0000000770980000, 0x00000007c0000000)
  eden space 64512K, 0% used [0x000000076ab00000,0x000000076ab00000,0x000000076ea00000)
  from space 1024K, 56% used [0x000000076f480000,0x000000076f510000,0x000000076f580000)
  to   space 11776K, 0% used [0x000000076fe00000,0x000000076fe00000,0x0000000770980000)
 ParOldGen       total 113664K, used 7651K [0x00000006c0000000, 0x00000006c6f00000, 0x000000076ab00000)
  object space 113664K, 6% used [0x00000006c0000000,0x00000006c0778f90,0x00000006c6f00000)
 Metaspace       used 26322K, capacity 26738K, committed 27008K, reserved 1073152K
  class space    used 2539K, capacity 2664K, committed 2688K, reserved 1048576K
}
Event: 40.335 GC heap before
{Heap before GC invocations=7 (full 1):
 PSYoungGen      total 65536K, used 65088K [0x000000076ab00000, 0x0000000770980000, 0x00000007c0000000)
  eden space 64512K, 100% used [0x000000076ab00000,0x000000076ea00000,0x000000076ea00000)
  from space 1024K, 56% used [0x000000076f480000,0x000000076f510000,0x000000076f580000)
  to   space 11776K, 0% used [0x000000076fe00000,0x000000076fe00000,0x0000000770980000)
 ParOldGen       total 113664K, used 7651K [0x00000006c0000000, 0x00000006c6f00000, 0x000000076ab00000)
  object space 113664K, 6% used [0x00000006c0000000,0x00000006c0778f90,0x00000006c6f00000)
 Metaspace       used 29534K, capacity 29938K, committed 30080K, reserved 1077248K
  class space    used 2792K, capacity 2920K, committed 2944K, reserved 1048576K
Event: 40.338 GC heap after
Heap after GC invocations=7 (full 1):
 PSYoungGen      total 65536K, used 1772K [0x000000076ab00000, 0x0000000770000000, 0x00000007c0000000)
  eden space 63488K, 0% used [0x000000076ab00000,0x000000076ab00000,0x000000076e900000)
  from space 2048K, 86% used [0x000000076fe00000,0x000000076ffbb168,0x0000000770000000)
  to   space 10752K, 0% used [0x000000076eb00000,0x000000076eb00000,0x000000076f580000)
 ParOldGen       total 113664K, used 7651K [0x00000006c0000000, 0x00000006c6f00000, 0x000000076ab00000)
  object space 113664K, 6% used [0x00000006c0000000,0x00000006c0778f90,0x00000006c6f00000)
 Metaspace       used 29534K, capacity 29938K, committed 30080K, reserved 1077248K
  class space    used 2792K, capacity 2920K, committed 2944K, reserved 1048576K
}

Deoptimization events (10 events):
Event: 2.051 Thread 0x00007f9020809800 Uncommon trap: reason=class_check action=maybe_recompile pc=0x00000001052674c0 method=java.util.HashSet.iterator()Ljava/util/Iterator; @ 4
Event: 2.069 Thread 0x00007f9020809800 Uncommon trap: reason=loop_limit_check action=maybe_recompile pc=0x000000010537cfc4 method=java.math.BigInteger.implMulAdd([I[IIII)I @ 29
Event: 2.075 Thread 0x00007f9020809800 Uncommon trap: reason=class_check action=maybe_recompile pc=0x000000010532ee20 method=sun.security.util.math.intpoly.IntegerPolynomial$MutableElement.setSum(Lsun/security/util/math/IntegerModuloP;)Lsun/security/util/math/intpoly/IntegerPolynomial$MutableE
Event: 2.075 Thread 0x00007f9020809800 Uncommon trap: reason=class_check action=maybe_recompile pc=0x000000010532ee20 method=sun.security.util.math.intpoly.IntegerPolynomial$MutableElement.setSum(Lsun/security/util/math/IntegerModuloP;)Lsun/security/util/math/intpoly/IntegerPolynomial$MutableE
Event: 2.075 Thread 0x00007f9020809800 Uncommon trap: reason=class_check action=maybe_recompile pc=0x000000010532ee20 method=sun.security.util.math.intpoly.IntegerPolynomial$MutableElement.setSum(Lsun/security/util/math/IntegerModuloP;)Lsun/security/util/math/intpoly/IntegerPolynomial$MutableE
Event: 2.075 Thread 0x00007f9020809800 Uncommon trap: reason=class_check action=maybe_recompile pc=0x000000010532ee20 method=sun.security.util.math.intpoly.IntegerPolynomial$MutableElement.setSum(Lsun/security/util/math/IntegerModuloP;)Lsun/security/util/math/intpoly/IntegerPolynomial$MutableE
Event: 2.225 Thread 0x00007f9020809800 Uncommon trap: reason=unstable_if action=reinterpret pc=0x0000000105372a4c method=java.lang.CharacterDataLatin1.digit(II)I @ 60
Event: 2.249 Thread 0x00007f9020809800 Uncommon trap: reason=unstable_if action=reinterpret pc=0x000000010536fc2c method=java.lang.CharacterDataLatin1.digit(II)I @ 60
Event: 2.268 Thread 0x00007f9020809800 Uncommon trap: reason=unstable_if action=reinterpret pc=0x00000001052243dc method=java.lang.CharacterDataLatin1.digit(II)I @ 60
Event: 2.542 Thread 0x00007f9020809800 Uncommon trap: reason=unstable_if action=reinterpret pc=0x00000001053fca58 method=com.alibaba.fastjson.parser.JSONScanner.next()C @ 18

Classes redefined (0 events):
No events

Internal exceptions (10 events):
Event: 1.003 Thread 0x00007f9020809800 Exception <a 'java/io/FileNotFoundException'> (0x000000076bc96b10) thrown at [/Users/ec2-user/workspace/Corretto8/macos/x64/build/Corretto8Src/installers/mac/tar/corretto-build/buildRoot/hotspot/src/share/vm/prims/jni.cpp, line 709]
Event: 1.136 Thread 0x00007f9020809800 Exception <a 'java/lang/NoSuchFieldError': method resolution failed> (0x000000076c12ecf8) thrown at [/Users/ec2-user/workspace/Corretto8/macos/x64/build/Corretto8Src/installers/mac/tar/corretto-build/buildRoot/hotspot/src/share/vm/prims/methodHandles.cpp,
Event: 1.138 Thread 0x00007f9020809800 Exception <a 'java/lang/NoSuchFieldError': method resolution failed> (0x000000076c13cda8) thrown at [/Users/ec2-user/workspace/Corretto8/macos/x64/build/Corretto8Src/installers/mac/tar/corretto-build/buildRoot/hotspot/src/share/vm/prims/methodHandles.cpp,
Event: 1.263 Thread 0x00007f9020809800 Exception <a 'java/lang/NoSuchMethodError': java.lang.Object.lambda$identity$2(Ljava/lang/Object;)Ljava/lang/Object;> (0x000000076c632090) thrown at [/Users/ec2-user/workspace/Corretto8/macos/x64/build/Corretto8Src/installers/mac/tar/corretto-build/buildR
Event: 1.574 Thread 0x00007f9020809800 Exception <a 'java/lang/IncompatibleClassChangeError': Found class java.lang.Object, but interface was expected> (0x000000076e100068) thrown at [/Users/ec2-user/workspace/Corretto8/macos/x64/build/Corretto8Src/installers/mac/tar/corretto-build/buildRoot/h
Event: 1.795 Thread 0x00007f9020809800 Exception <a 'java/lang/NoSuchMethodError': org.slf4j.impl.StaticMDCBinder.getSingleton()Lorg/slf4j/impl/StaticMDCBinder;> (0x000000076b180cf0) thrown at [/Users/ec2-user/workspace/Corretto8/macos/x64/build/Corretto8Src/installers/mac/tar/corretto-build/b
Event: 1.824 Thread 0x00007f9020809800 Exception <a 'java/lang/NoSuchMethodError': java.lang.Object.lambda$andThen$1(Ljava/util/function/Function;Ljava/lang/Object;)Ljava/lang/Object;> (0x000000076b3aad10) thrown at [/Users/ec2-user/workspace/Corretto8/macos/x64/build/Corretto8Src/installers/m
Event: 3.022 Thread 0x00007f9020809800 Exception <a 'java/io/FileNotFoundException'> (0x000000076d0639f8) thrown at [/Users/ec2-user/workspace/Corretto8/macos/x64/build/Corretto8Src/installers/mac/tar/corretto-build/buildRoot/hotspot/src/share/vm/prims/jni.cpp, line 709]
Event: 3.022 Thread 0x00007f9020809800 Exception <a 'java/io/FileNotFoundException'> (0x000000076d064640) thrown at [/Users/ec2-user/workspace/Corretto8/macos/x64/build/Corretto8Src/installers/mac/tar/corretto-build/buildRoot/hotspot/src/share/vm/prims/jni.cpp, line 709]
Event: 3.142 Thread 0x00007f9025422000 Exception <a 'java/lang/ClassNotFoundException': sun/dc/DuctusRenderingEngine> (0x000000076accb678) thrown at [/Users/ec2-user/workspace/Corretto8/macos/x64/build/Corretto8Src/installers/mac/tar/corretto-build/buildRoot/hotspot/src/share/vm/classfile/syst

Events (10 events):
Event: 167.091 Executing VM operation: GetCurrentLocation done
Event: 167.091 Executing VM operation: ChangeSingleStep
Event: 167.091 Executing VM operation: ChangeSingleStep done
Event: 167.092 Executing VM operation: ChangeSingleStep
Event: 167.092 Thread 0x00007f9022307800 Thread added: 0x00007f9022307800
Event: 167.092 Executing VM operation: ChangeSingleStep done
Event: 167.096 Executing VM operation: GetCurrentLocation
Event: 167.096 Executing VM operation: GetCurrentLocation done
Event: 167.096 Executing VM operation: ChangeSingleStep
Event: 167.096 Executing VM operation: ChangeSingleStep done


Dynamic libraries:
0x00007ff81c81c000 	/System/Library/Frameworks/Cocoa.framework/Versions/A/Cocoa
0x00007ff8054bc000 	/System/Library/Frameworks/AppKit.framework/Versions/C/AppKit
0x00007ff808719000 	/System/Library/Frameworks/CoreData.framework/Versions/A/CoreData
0x00007ff802e28000 	/System/Library/Frameworks/Foundation.framework/Versions/C/Foundation
0x00007ff80ec7d000 	/usr/lib/libSystem.B.dylib
0x00007ff8068c2000 	/System/Library/PrivateFrameworks/UIFoundation.framework/Versions/A/UIFoundation
0x00007ffb0cbfa000 	/System/Library/PrivateFrameworks/CollectionViewCore.framework/Versions/A/CollectionViewCore
0x00007ff816155000 	/System/Library/PrivateFrameworks/RemoteViewServices.framework/Versions/A/RemoteViewServices
0x00007ff80ca0c000 	/System/Library/PrivateFrameworks/XCTTargetBootstrap.framework/Versions/A/XCTTargetBootstrap
0x00007ff811611000 	/System/Library/PrivateFrameworks/InternationalSupport.framework/Versions/A/InternationalSupport
0x00007ff81169a000 	/System/Library/PrivateFrameworks/UserActivity.framework/Versions/A/UserActivity
0x00007ffc0df36000 	/System/Library/PrivateFrameworks/WindowManagement.framework/Versions/A/WindowManagement
0x00007ff802ae1000 	/System/Library/Frameworks/SystemConfiguration.framework/Versions/A/SystemConfiguration
0x00007ff8109c8000 	/usr/lib/libspindump.dylib
0x00007ff806a9e000 	/System/Library/Frameworks/UniformTypeIdentifiers.framework/Versions/A/UniformTypeIdentifiers
0x00007ff80aa52000 	/usr/lib/libapp_launch_measurement.dylib
0x00007ff809bca000 	/System/Library/PrivateFrameworks/CoreAnalytics.framework/Versions/A/CoreAnalytics
0x00007ff80aa55000 	/System/Library/PrivateFrameworks/CoreAutoLayout.framework/Versions/A/CoreAutoLayout
0x00007ff80c281000 	/System/Library/Frameworks/Metal.framework/Versions/A/Metal
0x00007ff80d1d3000 	/usr/lib/liblangid.dylib
0x00007ff80ca11000 	/System/Library/PrivateFrameworks/CoreSVG.framework/Versions/A/CoreSVG
0x00007ff807454000 	/System/Library/PrivateFrameworks/SkyLight.framework/Versions/A/SkyLight
0x00007ff8078a8000 	/System/Library/Frameworks/CoreGraphics.framework/Versions/A/CoreGraphics
0x00007ff8168aa000 	/System/Library/Frameworks/Accelerate.framework/Versions/A/Accelerate
0x00007ff81082c000 	/System/Library/PrivateFrameworks/IconServices.framework/Versions/A/IconServices
0x00007ff80c262000 	/System/Library/Frameworks/IOSurface.framework/Versions/A/IOSurface
0x00007ff809bf6000 	/usr/lib/libDiagnosticMessagesClient.dylib
0x00007ff80eb92000 	/usr/lib/libz.1.dylib
0x00007ff81a224000 	/System/Library/Frameworks/ApplicationServices.framework/Versions/A/ApplicationServices
0x00007ff80c9f8000 	/System/Library/PrivateFrameworks/DFRFoundation.framework/Versions/A/DFRFoundation
0x00007ff804d79000 	/usr/lib/libicucore.A.dylib
0x00007ff8125e3000 	/System/Library/Frameworks/AudioToolbox.framework/Versions/A/AudioToolbox
0x00007ff81161d000 	/System/Library/PrivateFrameworks/DataDetectorsCore.framework/Versions/A/DataDetectorsCore
0x00007ff90af61000 	/System/Library/PrivateFrameworks/TextInput.framework/Versions/A/TextInput
0x00007ff8073ae000 	/usr/lib/libMobileGestalt.dylib
0x00007ff80c75c000 	/System/Library/Frameworks/Carbon.framework/Versions/A/Frameworks/HIToolbox.framework/Versions/A/HIToolbox
0x00007ff80a38d000 	/System/Library/Frameworks/QuartzCore.framework/Versions/A/QuartzCore
0x00007ff8049dc000 	/System/Library/Frameworks/Security.framework/Versions/A/Security
0x00007ff81618d000 	/System/Library/Frameworks/Carbon.framework/Versions/A/Frameworks/SpeechRecognition.framework/Versions/A/SpeechRecognition
0x00007ff80a781000 	/System/Library/PrivateFrameworks/CoreUI.framework/Versions/A/CoreUI
0x00007ff8042ce000 	/System/Library/Frameworks/CoreAudio.framework/Versions/A/CoreAudio
0x00007ff809cd6000 	/System/Library/Frameworks/DiskArbitration.framework/Versions/A/DiskArbitration
0x00007ff810dfe000 	/System/Library/PrivateFrameworks/MultitouchSupport.framework/Versions/A/MultitouchSupport
0x00007ff8073ad000 	/usr/lib/libenergytrace.dylib
0x00007ff820ba4000 	/System/Library/PrivateFrameworks/RenderBox.framework/Versions/A/RenderBox
0x00007ff805395000 	/System/Library/Frameworks/IOKit.framework/Versions/A/IOKit
0x00007ff8165a5000 	/System/Library/Frameworks/CoreServices.framework/Versions/A/CoreServices
0x00007ff80a9e9000 	/System/Library/PrivateFrameworks/PerformanceAnalysis.framework/Versions/A/PerformanceAnalysis
0x00007ffa1d3e2000 	/System/Library/Frameworks/OpenGL.framework/Versions/A/OpenGL
0x00007ff80aa9e000 	/usr/lib/libxml2.2.dylib
0x00007ff80dfcc000 	/System/Library/PrivateFrameworks/MobileKeyBag.framework/Versions/A/MobileKeyBag
0x00007ff801a40000 	/usr/lib/libobjc.A.dylib
0x00007ff801d38000 	/usr/lib/libc++.1.dylib
0x00007ff81651c000 	/System/Library/Frameworks/Accessibility.framework/Versions/A/Accessibility
0x00007ff808061000 	/System/Library/Frameworks/ColorSync.framework/Versions/A/ColorSync
0x00007ff801e70000 	/System/Library/Frameworks/CoreFoundation.framework/Versions/A/CoreFoundation
0x00007ff80cd79000 	/System/Library/Frameworks/CoreImage.framework/Versions/A/CoreImage
0x00007ff8040c9000 	/System/Library/Frameworks/CoreText.framework/Versions/A/CoreText
0x00007ffb031eb000 	/System/Library/Frameworks/CoreTransferable.framework/Versions/A/CoreTransferable
0x00007ffb03634000 	/System/Library/Frameworks/DeveloperToolsSupport.framework/Versions/A/DeveloperToolsSupport
0x00007ff80ca4a000 	/System/Library/Frameworks/ImageIO.framework/Versions/A/ImageIO
0x00007ffb07bec000 	/System/Library/Frameworks/Symbols.framework/Versions/A/Symbols
0x00007ff80ec83000 	/System/Library/PrivateFrameworks/SoftLinking.framework/Versions/A/SoftLinking
0x00007ff81205b000 	/usr/lib/swift/libswiftCore.dylib
0x00007ff907c2a000 	/usr/lib/swift/libswiftCoreFoundation.dylib
0x00007ff905b5a000 	/usr/lib/swift/libswiftCoreGraphics.dylib
0x00007ff907c67000 	/usr/lib/swift/libswiftCoreImage.dylib
0x00007ff905b61000 	/usr/lib/swift/libswiftDarwin.dylib
0x00007ff817f14000 	/usr/lib/swift/libswiftDispatch.dylib
0x00007ff907c68000 	/usr/lib/swift/libswiftIOKit.dylib
0x00007ff913c28000 	/usr/lib/swift/libswiftMetal.dylib
0x00007ff920685000 	/usr/lib/swift/libswiftOSLog.dylib
0x00007ff81a686000 	/usr/lib/swift/libswiftObjectiveC.dylib
0x00007ff91782d000 	/usr/lib/swift/libswiftQuartzCore.dylib
0x00007ff91b8a0000 	/usr/lib/swift/libswiftUniformTypeIdentifiers.dylib
0x00007ff907c3a000 	/usr/lib/swift/libswiftXPC.dylib
0x00007ffc16642000 	/usr/lib/swift/libswift_Concurrency.dylib
0x00007ff81a68a000 	/usr/lib/swift/libswiftos.dylib
0x00007ff90aec3000 	/usr/lib/swift/libswiftsimd.dylib
0x00007ff80ee1b000 	/usr/lib/libcompression.dylib
0x00007ff811551000 	/System/Library/PrivateFrameworks/TextureIO.framework/Versions/A/TextureIO
0x00007ff8104d2000 	/usr/lib/libate.dylib
0x00007ff80ec77000 	/usr/lib/system/libcache.dylib
0x00007ff80ec32000 	/usr/lib/system/libcommonCrypto.dylib
0x00007ff80ec5b000 	/usr/lib/system/libcompiler_rt.dylib
0x00007ff80ec51000 	/usr/lib/system/libcopyfile.dylib
0x00007ff801b81000 	/usr/lib/system/libcorecrypto.dylib
0x00007ff801c66000 	/usr/lib/system/libdispatch.dylib
0x00007ff801e17000 	/usr/lib/system/libdyld.dylib
0x00007ff80ec6d000 	/usr/lib/system/libkeymgr.dylib
0x00007ff80ec0e000 	/usr/lib/system/libmacho.dylib
0x00007ff80e0a6000 	/usr/lib/system/libquarantine.dylib
0x00007ff80ec6b000 	/usr/lib/system/libremovefile.dylib
0x00007ff80741f000 	/usr/lib/system/libsystem_asl.dylib
0x00007ff801b1f000 	/usr/lib/system/libsystem_blocks.dylib
0x00007ff801cb0000 	/usr/lib/system/libsystem_c.dylib
0x00007ff80ec63000 	/usr/lib/system/libsystem_collections.dylib
0x00007ff80d1c4000 	/usr/lib/system/libsystem_configuration.dylib
0x00007ff80c239000 	/usr/lib/system/libsystem_containermanager.dylib
0x00007ff80e86b000 	/usr/lib/system/libsystem_coreservices.dylib
0x00007ff80500f000 	/usr/lib/system/libsystem_darwin.dylib
0x00007ffc1695e000 	/usr/lib/system/libsystem_darwindirectory.dylib
0x00007ff80ec6e000 	/usr/lib/system/libsystem_dnssd.dylib
0x00007ff801cad000 	/usr/lib/system/libsystem_featureflags.dylib
0x00007ff801e45000 	/usr/lib/system/libsystem_info.dylib
0x00007ff80eba6000 	/usr/lib/system/libsystem_m.dylib
0x00007ff801c2d000 	/usr/lib/system/libsystem_malloc.dylib
0x00007ff807395000 	/usr/lib/system/libsystem_networkextension.dylib
0x00007ff805458000 	/usr/lib/system/libsystem_notify.dylib
0x00007ff80d1c8000 	/usr/lib/system/libsystem_sandbox.dylib
0x00007ff80ec68000 	/usr/lib/system/libsystem_secinit.dylib
0x00007ff801dd0000 	/usr/lib/system/libsystem_kernel.dylib
0x00007ff801e3b000 	/usr/lib/system/libsystem_platform.dylib
0x00007ff801e0b000 	/usr/lib/system/libsystem_pthread.dylib
0x00007ff808f96000 	/usr/lib/system/libsystem_symptoms.dylib
0x00007ff801b67000 	/usr/lib/system/libsystem_trace.dylib
0x00007ff80ec3e000 	/usr/lib/system/libunwind.dylib
0x00007ff801b23000 	/usr/lib/system/libxpc.dylib
0x00007ff801db7000 	/usr/lib/libc++abi.dylib
0x00007ff80ec49000 	/usr/lib/liboah.dylib
0x00007ff810281000 	/usr/lib/liblzma.5.dylib
0x00007ff80ec7f000 	/usr/lib/libfakelink.dylib
0x00007ff806fe8000 	/System/Library/Frameworks/CFNetwork.framework/Versions/A/CFNetwork
0x00007ff80ecd1000 	/usr/lib/libarchive.2.dylib
0x00007ff814405000 	/System/Library/Frameworks/Combine.framework/Versions/A/Combine
0x00007ffb0cc0f000 	/System/Library/PrivateFrameworks/CollectionsInternal.framework/Versions/A/CollectionsInternal
0x00007ffc01ec0000 	/System/Library/PrivateFrameworks/ReflectionInternal.framework/Versions/A/ReflectionInternal
0x00007ffc024a1000 	/System/Library/PrivateFrameworks/RuntimeInternal.framework/Versions/A/RuntimeInternal
0x00007ffc1677d000 	/usr/lib/swift/libswift_StringProcessing.dylib
0x00007ff805314000 	/System/Library/PrivateFrameworks/CoreServicesInternal.framework/Versions/A/CoreServicesInternal
0x00007ff80e0cd000 	/usr/lib/libbsm.0.dylib
0x00007ff80ec16000 	/usr/lib/system/libkxld.dylib
0x00007ff80aa1d000 	/System/Library/Frameworks/CoreServices.framework/Versions/A/Frameworks/FSEvents.framework/Versions/A/FSEvents
0x00007ff80501a000 	/System/Library/Frameworks/CoreServices.framework/Versions/A/Frameworks/CarbonCore.framework/Versions/A/CarbonCore
0x00007ff809c3e000 	/System/Library/Frameworks/CoreServices.framework/Versions/A/Frameworks/Metadata.framework/Versions/A/Metadata
0x00007ff80e871000 	/System/Library/Frameworks/CoreServices.framework/Versions/A/Frameworks/OSServices.framework/Versions/A/OSServices
0x00007ff80ed5a000 	/System/Library/Frameworks/CoreServices.framework/Versions/A/Frameworks/SearchKit.framework/Versions/A/SearchKit
0x00007ff808f1c000 	/System/Library/Frameworks/CoreServices.framework/Versions/A/Frameworks/AE.framework/Versions/A/AE
0x00007ff80230b000 	/System/Library/Frameworks/CoreServices.framework/Versions/A/Frameworks/LaunchServices.framework/Versions/A/LaunchServices
0x00007ff810232000 	/System/Library/Frameworks/CoreServices.framework/Versions/A/Frameworks/DictionaryServices.framework/Versions/A/DictionaryServices
0x00007ff80aa2a000 	/System/Library/Frameworks/CoreServices.framework/Versions/A/Frameworks/SharedFileList.framework/Versions/A/SharedFileList
0x00007ff80ede4000 	/usr/lib/libapple_nghttp2.dylib
0x00007ff808bac000 	/usr/lib/libsqlite3.dylib
0x00007ff808f9e000 	/System/Library/Frameworks/Network.framework/Versions/A/Network
0x00007ffc14fe2000 	/usr/lib/libCoreEntitlements.dylib
0x00007ffb1d9b6000 	/System/Library/PrivateFrameworks/MessageSecurity.framework/Versions/A/MessageSecurity
0x00007ff808b93000 	/System/Library/PrivateFrameworks/ProtocolBuffer.framework/Versions/A/ProtocolBuffer
0x00007ff80e78e000 	/System/Library/PrivateFrameworks/AppleFSCompression.framework/Versions/A/AppleFSCompression
0x00007ff80e0b5000 	/usr/lib/libcoretls.dylib
0x00007ff81029a000 	/usr/lib/libcoretls_cfhelpers.dylib
0x00007ff80ee15000 	/usr/lib/libpam.2.dylib
0x00007ff810312000 	/usr/lib/libxar.1.dylib
0x00007ff810805000 	/usr/lib/libheimdal-asn1.dylib
0x00007ff806fe7000 	/usr/lib/libnetwork.dylib
0x00007ff80ec84000 	/usr/lib/libpcap.A.dylib
0x00007ff808f8c000 	/usr/lib/libdns_services.dylib
0x00007ff80d1cf000 	/System/Library/PrivateFrameworks/AppleSystemInfo.framework/Versions/A/AppleSystemInfo
0x00007ff80ddce000 	/System/Library/PrivateFrameworks/IOMobileFramebuffer.framework/Versions/A/IOMobileFramebuffer
0x00007ffc166c9000 	/usr/lib/swift/libswift_RegexParser.dylib
0x00007ff80e85c000 	/usr/lib/libbz2.1.0.dylib
0x00007ff80e0a9000 	/usr/lib/libCheckFix.dylib
0x00007ff807436000 	/System/Library/PrivateFrameworks/TCC.framework/Versions/A/TCC
0x00007ff80d1d5000 	/System/Library/PrivateFrameworks/CoreNLP.framework/Versions/A/CoreNLP
0x00007ff809bf8000 	/System/Library/PrivateFrameworks/MetadataUtilities.framework/Versions/A/MetadataUtilities
0x00007ff80e0dd000 	/usr/lib/libmecab.dylib
0x00007ff802b68000 	/usr/lib/libCRFSuite.dylib
0x00007ff80e136000 	/usr/lib/libgermantok.dylib
0x00007ff80edc0000 	/usr/lib/libThaiTokenizer.dylib
0x00007ff809cde000 	/System/Library/Frameworks/Accelerate.framework/Versions/A/Frameworks/vImage.framework/Versions/A/vImage
0x00007ff816578000 	/System/Library/Frameworks/Accelerate.framework/Versions/A/Frameworks/vecLib.framework/Versions/A/vecLib
0x00007ff810354000 	/System/Library/Frameworks/Accelerate.framework/Versions/A/Frameworks/vecLib.framework/Versions/A/libvMisc.dylib
0x00007ff80dbbe000 	/System/Library/Frameworks/Accelerate.framework/Versions/A/Frameworks/vecLib.framework/Versions/A/libvDSP.dylib
0x00007ff802711000 	/System/Library/Frameworks/Accelerate.framework/Versions/A/Frameworks/vecLib.framework/Versions/A/libBLAS.dylib
0x00007ff80eefb000 	/System/Library/Frameworks/Accelerate.framework/Versions/A/Frameworks/vecLib.framework/Versions/A/libLAPACK.dylib
0x00007ff80e139000 	/System/Library/Frameworks/Accelerate.framework/Versions/A/Frameworks/vecLib.framework/Versions/A/libLinearAlgebra.dylib
0x00007ff80edff000 	/System/Library/Frameworks/Accelerate.framework/Versions/A/Frameworks/vecLib.framework/Versions/A/libSparseBLAS.dylib
0x00007ff80eef5000 	/System/Library/Frameworks/Accelerate.framework/Versions/A/Frameworks/vecLib.framework/Versions/A/libQuadrature.dylib
0x00007ff80d2e4000 	/System/Library/Frameworks/Accelerate.framework/Versions/A/Frameworks/vecLib.framework/Versions/A/libBNNS.dylib
0x00007ff802a69000 	/System/Library/Frameworks/Accelerate.framework/Versions/A/Frameworks/vecLib.framework/Versions/A/libSparse.dylib
0x00007ffb1c304000 	/System/Library/PrivateFrameworks/MIL.framework/Versions/A/MIL
0x00007ff80ecb9000 	/usr/lib/libiconv.2.dylib
0x00007ff80ec0a000 	/usr/lib/libcharset.1.dylib
0x00007ff80aa01000 	/System/Library/Frameworks/OpenDirectory.framework/Versions/A/Frameworks/CFOpenDirectory.framework/Versions/A/CFOpenDirectory
0x00007ff80a9f5000 	/System/Library/Frameworks/OpenDirectory.framework/Versions/A/OpenDirectory
0x00007ff81029c000 	/System/Library/PrivateFrameworks/APFS.framework/Versions/A/APFS
0x00007ff80dfef000 	/System/Library/Frameworks/SecurityFoundation.framework/Versions/A/SecurityFoundation
0x00007ff810320000 	/usr/lib/libutil.dylib
0x00007ffb1a7d1000 	/System/Library/PrivateFrameworks/InstalledContentLibrary.framework/Versions/A/InstalledContentLibrary
0x00007ff805355000 	/System/Library/PrivateFrameworks/CoreServicesStore.framework/Versions/A/CoreServicesStore
0x00007ffb0ab42000 	/System/Library/PrivateFrameworks/AppleMobileFileIntegrity.framework/Versions/A/AppleMobileFileIntegrity
0x00007ff907c0a000 	/usr/lib/libmis.dylib
0x00007ff917cfa000 	/System/Library/PrivateFrameworks/MobileSystemServices.framework/Versions/A/MobileSystemServices
0x00007ffa15691000 	/System/Library/PrivateFrameworks/ConfigProfileHelper.framework/Versions/A/ConfigProfileHelper
0x00007ff80edc2000 	/System/Library/PrivateFrameworks/AppleSauce.framework/Versions/A/AppleSauce
0x00007ff803a67000 	/System/Library/PrivateFrameworks/LanguageModeling.framework/Versions/A/LanguageModeling
0x00007ff810324000 	/usr/lib/libxslt.1.dylib
0x00007ff80ecc0000 	/usr/lib/libcmph.dylib
0x00007ff80dd9d000 	/System/Library/PrivateFrameworks/CoreEmoji.framework/Versions/A/CoreEmoji
0x00007ff80d2df000 	/System/Library/PrivateFrameworks/LinguisticData.framework/Versions/A/LinguisticData
0x00007ff802986000 	/System/Library/PrivateFrameworks/Lexicon.framework/Versions/A/Lexicon
0x00007ff80e078000 	/System/Library/PrivateFrameworks/BackgroundTaskManagement.framework/Versions/A/BackgroundTaskManagement
0x00007ffc1515e000 	/usr/lib/libTLE.dylib
0x00007ff810cc0000 	/System/Library/PrivateFrameworks/AppleJPEG.framework/Versions/A/AppleJPEG
0x00007ff8107ea000 	/usr/lib/libexpat.1.dylib
0x00007ff8113a7000 	/System/Library/Frameworks/ImageIO.framework/Versions/A/Resources/libPng.dylib
0x00007ff8113d4000 	/System/Library/Frameworks/ImageIO.framework/Versions/A/Resources/libTIFF.dylib
0x00007ff8114c9000 	/System/Library/Frameworks/ImageIO.framework/Versions/A/Resources/libGIF.dylib
0x00007ff810d0c000 	/System/Library/Frameworks/ImageIO.framework/Versions/A/Resources/libJP2.dylib
0x00007ff811468000 	/System/Library/Frameworks/ImageIO.framework/Versions/A/Resources/libJPEG.dylib
0x00007ff81145f000 	/System/Library/Frameworks/ImageIO.framework/Versions/A/Resources/libRadiance.dylib
0x00007ff80c5fc000 	/System/Library/PrivateFrameworks/FontServices.framework/libFontParser.dylib
0x00007ff808ebd000 	/System/Library/PrivateFrameworks/RunningBoardServices.framework/Versions/A/RunningBoardServices
0x00007ff81cf90000 	/System/Library/PrivateFrameworks/IOSurfaceAccelerator.framework/Versions/A/IOSurfaceAccelerator
0x00007ff810dfa000 	/System/Library/PrivateFrameworks/WatchdogClient.framework/Versions/A/WatchdogClient
0x00007ff803c30000 	/System/Library/Frameworks/CoreDisplay.framework/Versions/A/CoreDisplay
0x00007ff80c4ce000 	/System/Library/Frameworks/CoreMedia.framework/Versions/A/CoreMedia
0x00007ff80c278000 	/System/Library/PrivateFrameworks/IOAccelerator.framework/Versions/A/IOAccelerator
0x00007ff80ab7d000 	/System/Library/Frameworks/CoreVideo.framework/Versions/A/CoreVideo
0x00007ff80ee13000 	/System/Library/Frameworks/MetalPerformanceShaders.framework/Versions/A/MetalPerformanceShaders
0x00007ff810e3b000 	/System/Library/Frameworks/VideoToolbox.framework/Versions/A/VideoToolbox
0x00007ff80ac09000 	/System/Library/PrivateFrameworks/UserManagement.framework/Versions/A/UserManagement
0x00007ff808def000 	/System/Library/PrivateFrameworks/BaseBoard.framework/Versions/A/BaseBoard
0x00007ff80d1ce000 	/System/Library/PrivateFrameworks/AggregateDictionary.framework/Versions/A/AggregateDictionary
0x00007ffb0aac6000 	/System/Library/PrivateFrameworks/AppleKeyStore.framework/Versions/A/AppleKeyStore
0x00007ff811458000 	/System/Library/PrivateFrameworks/GPUWrangler.framework/Versions/A/GPUWrangler
0x00007ff81143c000 	/System/Library/PrivateFrameworks/IOPresentment.framework/Versions/A/IOPresentment
0x00007ff811462000 	/System/Library/PrivateFrameworks/DSExternalDisplay.framework/Versions/A/DSExternalDisplay
0x00007ffb16863000 	/System/Library/PrivateFrameworks/GPUCompiler.framework/Versions/32023/Libraries/libllvm-flatbuffers.dylib
0x00007ffa1d3d6000 	/System/Library/Frameworks/OpenGL.framework/Versions/A/Libraries/libCoreFSCache.dylib
0x00007ffb133e3000 	/System/Library/PrivateFrameworks/GPUCompiler.framework/Versions/32023/Libraries/libGPUCompilerUtils.dylib
0x00007ff8114cf000 	/System/Library/PrivateFrameworks/CMCaptureCore.framework/Versions/A/CMCaptureCore
0x00007ffb03716000 	/System/Library/Frameworks/ExtensionFoundation.framework/Versions/A/ExtensionFoundation
0x00007ff81873b000 	/System/Library/PrivateFrameworks/CoreTime.framework/Versions/A/CoreTime
0x00007ff8109b2000 	/System/Library/PrivateFrameworks/AppServerSupport.framework/Versions/A/AppServerSupport
0x00007ff812f33000 	/System/Library/PrivateFrameworks/perfdata.framework/Versions/A/perfdata
0x00007ff803d5c000 	/System/Library/PrivateFrameworks/AudioToolboxCore.framework/Versions/A/AudioToolboxCore
0x00007ff80c4a8000 	/System/Library/PrivateFrameworks/caulk.framework/Versions/A/caulk
0x00007ff8127d1000 	/usr/lib/libAudioStatistics.dylib
0x00007ff907003000 	/System/Library/PrivateFrameworks/SystemPolicy.framework/Versions/A/SystemPolicy
0x00007ff812a9d000 	/usr/lib/libSMC.dylib
0x00007ff81c680000 	/System/Library/Frameworks/CoreMIDI.framework/Versions/A/CoreMIDI
0x00007ff81136e000 	/usr/lib/libAudioToolboxUtility.dylib
0x00007ff902a6a000 	/System/Library/PrivateFrameworks/OSAServicesClient.framework/Versions/A/OSAServicesClient
0x00007ff812f40000 	/usr/lib/libperfcheck.dylib
0x00007ff8106cb000 	/System/Library/PrivateFrameworks/PlugInKit.framework/Versions/A/PlugInKit
0x00007ff80dfe2000 	/System/Library/PrivateFrameworks/AssertionServices.framework/Versions/A/AssertionServices
0x00007ffa047bf000 	/System/Library/PrivateFrameworks/Symbolication.framework/Versions/A/Symbolication
0x00007ffb20f87000 	/System/Library/PrivateFrameworks/PhotosensitivityProcessing.framework/Versions/A/PhotosensitivityProcessing
0x00007ffa1e9e2000 	/System/Library/Frameworks/OpenCL.framework/Versions/A/OpenCL
0x00007ff81095d000 	/System/Library/PrivateFrameworks/GraphVisualizer.framework/Versions/A/GraphVisualizer
0x00007ffa1d433000 	/System/Library/Frameworks/OpenGL.framework/Versions/A/Libraries/libGLU.dylib
0x00007ffa1d3f5000 	/System/Library/Frameworks/OpenGL.framework/Versions/A/Libraries/libGFXShared.dylib
0x00007ffa1d5f2000 	/System/Library/Frameworks/OpenGL.framework/Versions/A/Libraries/libGL.dylib
0x00007ffa1d3fd000 	/System/Library/Frameworks/OpenGL.framework/Versions/A/Libraries/libGLImage.dylib
0x00007ffa1d3f2000 	/System/Library/Frameworks/OpenGL.framework/Versions/A/Libraries/libCVMSPluginSupport.dylib
0x00007ffc15118000 	/usr/lib/libRosetta.dylib
0x00007ffa1d3dd000 	/System/Library/Frameworks/OpenGL.framework/Versions/A/Libraries/libCoreVMClient.dylib
0x00007ffb11521000 	/System/Library/PrivateFrameworks/FontServices.framework/Versions/A/FontServices
0x00007ff81096c000 	/System/Library/PrivateFrameworks/OTSVG.framework/Versions/A/OTSVG
0x00007ff80a735000 	/System/Library/Frameworks/ApplicationServices.framework/Versions/A/Frameworks/ATS.framework/Versions/A/Resources/libFontRegistry.dylib
0x00007ff8109bc000 	/System/Library/PrivateFrameworks/FontServices.framework/libhvf.dylib
0x00007ffb11522000 	/System/Library/PrivateFrameworks/FontServices.framework/libXTFontStaticRegistryData.dylib
0x00007ff80d143000 	/System/Library/Frameworks/MetalPerformanceShaders.framework/Versions/A/Frameworks/MPSCore.framework/Versions/A/MPSCore
0x00007ff80e6f4000 	/System/Library/Frameworks/MetalPerformanceShaders.framework/Versions/A/Frameworks/MPSImage.framework/Versions/A/MPSImage
0x00007ff80e14f000 	/System/Library/Frameworks/MetalPerformanceShaders.framework/Versions/A/Frameworks/MPSNeuralNetwork.framework/Versions/A/MPSNeuralNetwork
0x00007ff80e5c8000 	/System/Library/Frameworks/MetalPerformanceShaders.framework/Versions/A/Frameworks/MPSMatrix.framework/Versions/A/MPSMatrix
0x00007ff80e37b000 	/System/Library/Frameworks/MetalPerformanceShaders.framework/Versions/A/Frameworks/MPSRayIntersector.framework/Versions/A/MPSRayIntersector
0x00007ff80e603000 	/System/Library/Frameworks/MetalPerformanceShaders.framework/Versions/A/Frameworks/MPSNDArray.framework/Versions/A/MPSNDArray
0x00007ffb053da000 	/System/Library/Frameworks/MetalPerformanceShaders.framework/Versions/A/Frameworks/MPSFunctions.framework/Versions/A/MPSFunctions
0x00007ffb053bc000 	/System/Library/Frameworks/MetalPerformanceShaders.framework/Versions/A/Frameworks/MPSBenchmarkLoop.framework/Versions/A/MPSBenchmarkLoop
0x00007ff8025c1000 	/System/Library/PrivateFrameworks/MetalTools.framework/Versions/A/MetalTools
0x00007ff90c1fd000 	/System/Library/PrivateFrameworks/IOAccelMemoryInfo.framework/Versions/A/IOAccelMemoryInfo
0x00007ff917c0c000 	/System/Library/PrivateFrameworks/kperf.framework/Versions/A/kperf
0x00007ff907c1d000 	/System/Library/PrivateFrameworks/GPURawCounter.framework/Versions/A/GPURawCounter
0x00007ff81862f000 	/System/Library/PrivateFrameworks/CoreSymbolication.framework/Versions/A/CoreSymbolication
0x00007ff907bdb000 	/System/Library/PrivateFrameworks/MallocStackLogging.framework/Versions/A/MallocStackLogging
0x00007ff810572000 	/System/Library/PrivateFrameworks/CrashReporterSupport.framework/Versions/A/CrashReporterSupport
0x00007ff8185f0000 	/System/Library/PrivateFrameworks/DebugSymbols.framework/Versions/A/DebugSymbols
0x00007ff916f3f000 	/System/Library/PrivateFrameworks/OSAnalytics.framework/Versions/A/OSAnalytics
0x00007ffc0c68a000 	/System/Library/PrivateFrameworks/VideoToolboxParavirtualizationSupport.framework/Versions/A/VideoToolboxParavirtualizationSupport
0x00007ff81079a000 	/System/Library/PrivateFrameworks/AppleVA.framework/Versions/A/AppleVA
0x00007ff812815000 	/System/Library/Frameworks/ApplicationServices.framework/Versions/A/Frameworks/ATS.framework/Versions/A/ATS
0x00007ff80820e000 	/System/Library/Frameworks/ApplicationServices.framework/Versions/A/Frameworks/HIServices.framework/Versions/A/HIServices
0x00007ff8114dd000 	/System/Library/Frameworks/ApplicationServices.framework/Versions/A/Frameworks/PrintCore.framework/Versions/A/PrintCore
0x00007ff812bf3000 	/System/Library/Frameworks/ApplicationServices.framework/Versions/A/Frameworks/QD.framework/Versions/A/QD
0x00007ff812beb000 	/System/Library/Frameworks/ApplicationServices.framework/Versions/A/Frameworks/ColorSyncLegacy.framework/Versions/A/ColorSyncLegacy
0x00007ff8127e9000 	/System/Library/Frameworks/ApplicationServices.framework/Versions/A/Frameworks/SpeechSynthesis.framework/Versions/A/SpeechSynthesis
0x00007ff811499000 	/System/Library/Frameworks/ApplicationServices.framework/Versions/A/Frameworks/ATSUI.framework/Versions/A/ATSUI
0x00007ff812b7d000 	/usr/lib/libcups.2.dylib
0x00007ff812f4f000 	/System/Library/Frameworks/Kerberos.framework/Versions/A/Kerberos
0x00007ff812f5e000 	/System/Library/Frameworks/GSS.framework/Versions/A/GSS
0x00007ff81288e000 	/usr/lib/libresolv.9.dylib
0x00007ff8109ce000 	/System/Library/PrivateFrameworks/Heimdal.framework/Versions/A/Heimdal
0x00007ff81a5f3000 	/System/Library/Frameworks/Kerberos.framework/Versions/A/Libraries/libHeimdalProxy.dylib
0x00007ff812fab000 	/System/Library/PrivateFrameworks/CommonAuth.framework/Versions/A/CommonAuth
0x00007ffb0260c000 	/System/Library/Frameworks/AVFAudio.framework/Versions/A/AVFAudio
0x00007ff902ab3000 	/System/Library/PrivateFrameworks/AXCoreUtilities.framework/Versions/A/AXCoreUtilities
0x00007ff812759000 	/System/Library/PrivateFrameworks/AudioSession.framework/Versions/A/AudioSession
0x00007ff8141cd000 	/System/Library/Frameworks/IOBluetooth.framework/Versions/A/IOBluetooth
0x00007ff8108a9000 	/System/Library/PrivateFrameworks/MediaExperience.framework/Versions/A/MediaExperience
0x00007ff8125ae000 	/System/Library/PrivateFrameworks/AudioSession.framework/libSessionUtility.dylib
0x00007ff812bff000 	/System/Library/PrivateFrameworks/AudioResourceArbitration.framework/Versions/A/AudioResourceArbitration
0x00007ff8172b1000 	/System/Library/PrivateFrameworks/PowerLog.framework/Versions/A/PowerLog
0x00007ff8171d2000 	/System/Library/Frameworks/CoreBluetooth.framework/Versions/A/CoreBluetooth
0x00007ff81a5f4000 	/System/Library/Frameworks/AudioUnit.framework/Versions/A/AudioUnit
0x00007ff80de56000 	/System/Library/PrivateFrameworks/CoreUtils.framework/Versions/A/CoreUtils
0x00007ffb0fcf6000 	/System/Library/PrivateFrameworks/CoreUtilsExtras.framework/Versions/A/CoreUtilsExtras
0x00007ffb1a65e000 	/System/Library/PrivateFrameworks/IO80211.framework/Versions/A/IO80211
0x00007ff902aca000 	/usr/lib/libAccessibility.dylib
0x00007ff8168f2000 	/System/Library/Frameworks/MediaAccessibility.framework/Versions/A/MediaAccessibility
0x00007ff81814f000 	/System/Library/PrivateFrameworks/FrontBoardServices.framework/Versions/A/FrontBoardServices
0x00007ff819bec000 	/System/Library/PrivateFrameworks/BackBoardServices.framework/Versions/A/BackBoardServices
0x00007ff81820b000 	/System/Library/PrivateFrameworks/BoardServices.framework/Versions/A/BoardServices
0x00007ff81080e000 	/System/Library/PrivateFrameworks/IconFoundation.framework/Versions/A/IconFoundation
0x00007ff81617d000 	/System/Library/PrivateFrameworks/SpeechRecognitionCore.framework/Versions/A/SpeechRecognitionCore
0x00007ffa07f34000 	/System/Library/Frameworks/OSLog.framework/Versions/A/OSLog
0x00007ff907b68000 	/System/Library/PrivateFrameworks/LoggingSupport.framework/Versions/A/LoggingSupport
0x000000010410c000 	/Users/devin.zhang/Library/Java/JavaVirtualMachines/corretto-1.8.0_402/Contents/Home/jre/lib/server/libjvm.dylib
0x0000000102e10000 	/Users/devin.zhang/Library/Java/JavaVirtualMachines/corretto-1.8.0_402/Contents/Home/jre/lib/libverify.dylib
0x0000000102e6e000 	/Users/devin.zhang/Library/Java/JavaVirtualMachines/corretto-1.8.0_402/Contents/Home/jre/lib/libjava.dylib
0x0000000102f07000 	/Users/devin.zhang/Library/Java/JavaVirtualMachines/corretto-1.8.0_402/Contents/Home/jre/lib/libjdwp.dylib
0x0000000102e24000 	/Users/devin.zhang/Library/Java/JavaVirtualMachines/corretto-1.8.0_402/Contents/Home/jre/lib/libnpt.dylib
0x00007ffc14e83000 	/usr/lib/i18n/libiconv_std.dylib
0x00007ffc14e6b000 	/usr/lib/i18n/libUTF8.dylib
0x00007ffc14e8f000 	/usr/lib/i18n/libmapper_parallel.dylib
0x00007ffc14e87000 	/usr/lib/i18n/libmapper_646.dylib
0x00007ffc14e97000 	/usr/lib/i18n/libmapper_std.dylib
0x0000000102eba000 	/Users/devin.zhang/Library/Java/JavaVirtualMachines/corretto-1.8.0_402/Contents/Home/jre/lib/libinstrument.dylib
0x0000000102e49000 	/Users/devin.zhang/Library/Java/JavaVirtualMachines/corretto-1.8.0_402/Contents/Home/jre/lib/libzip.dylib
0x0000000102ee2000 	/Users/devin.zhang/Library/Java/JavaVirtualMachines/corretto-1.8.0_402/Contents/Home/jre/lib/libdt_socket.dylib
0x000000011f7a4000 	/Users/devin.zhang/Library/Java/JavaVirtualMachines/corretto-1.8.0_402/Contents/Home/jre/lib/libnio.dylib
0x000000011f7ea000 	/Users/devin.zhang/Library/Java/JavaVirtualMachines/corretto-1.8.0_402/Contents/Home/jre/lib/libnet.dylib
0x000000011fc57000 	/Users/devin.zhang/Library/Java/JavaVirtualMachines/corretto-1.8.0_402/Contents/Home/jre/lib/libsunec.dylib
0x00007ff811ff8000 	/usr/lib/libusrtcp.dylib
0x00007ff806f13000 	/usr/lib/libboringssl.dylib
0x000000012032a000 	/Users/devin.zhang/Library/Java/JavaVirtualMachines/corretto-1.8.0_402/Contents/Home/jre/lib/libawt.dylib
0x00000001204b1000 	/Users/devin.zhang/Library/Java/JavaVirtualMachines/corretto-1.8.0_402/Contents/Home/jre/lib/libmlib_image.dylib
0x00007ffb041fc000 	/System/Library/Frameworks/JavaNativeFoundation.framework/Versions/A/JavaNativeFoundation
0x00007ffb04208000 	/System/Library/Frameworks/JavaRuntimeSupport.framework/Versions/A/JavaRuntimeSupport
0x00007ff9069b7000 	/System/Library/Frameworks/Carbon.framework/Versions/A/Carbon
0x00007ff81e6f3000 	/System/Library/Frameworks/Carbon.framework/Versions/A/Frameworks/CommonPanels.framework/Versions/A/CommonPanels
0x00007ff819f1c000 	/System/Library/Frameworks/Carbon.framework/Versions/A/Frameworks/Help.framework/Versions/A/Help
0x00007ff81e6f7000 	/System/Library/Frameworks/Carbon.framework/Versions/A/Frameworks/ImageCapture.framework/Versions/A/ImageCapture
0x00007ff81e6cf000 	/System/Library/Frameworks/Carbon.framework/Versions/A/Frameworks/OpenScripting.framework/Versions/A/OpenScripting
0x00007ff81e6ef000 	/System/Library/Frameworks/Carbon.framework/Versions/A/Frameworks/Ink.framework/Versions/A/Ink
0x00007ff81e6eb000 	/System/Library/Frameworks/Carbon.framework/Versions/A/Frameworks/SecurityHI.framework/Versions/A/SecurityHI
0x0000000120657000 	/Users/devin.zhang/Library/Java/JavaVirtualMachines/corretto-1.8.0_402/Contents/Home/jre/lib/libawt_lwawt.dylib
0x000000012028b000 	/Users/devin.zhang/Library/Java/JavaVirtualMachines/corretto-1.8.0_402/Contents/Home/jre/lib/libosxapp.dylib
0x00007ff905bd0000 	/System/Library/Frameworks/ExceptionHandling.framework/Versions/A/ExceptionHandling
0x00007ff817898000 	/System/Library/Frameworks/FileProvider.framework/Versions/A/FileProvider
0x00007ff808d57000 	/System/Library/Frameworks/Accounts.framework/Versions/A/Accounts
0x00007ff817a3f000 	/System/Library/PrivateFrameworks/GenerationalStorage.framework/Versions/A/GenerationalStorage
0x00007ff8172a6000 	/System/Library/PrivateFrameworks/SymptomDiagnosticReporter.framework/Versions/A/SymptomDiagnosticReporter
0x00007ff806ab4000 	/System/Library/PrivateFrameworks/DesktopServicesPriv.framework/Versions/A/DesktopServicesPriv
0x00007ff805468000 	/usr/lib/libsandbox.1.dylib
0x00007ff812be0000 	/System/Library/PrivateFrameworks/NetAuth.framework/Versions/A/NetAuth
0x00007ff813ea4000 	/System/Library/PrivateFrameworks/Sharing.framework/Versions/A/Sharing
0x00007ff80abce000 	/System/Library/PrivateFrameworks/login.framework/Versions/A/Frameworks/loginsupport.framework/Versions/A/loginsupport
0x00007ff819a2e000 	/System/Library/PrivateFrameworks/Apple80211.framework/Versions/A/Apple80211
0x00007ff80e89e000 	/System/Library/PrivateFrameworks/AuthKit.framework/Versions/A/AuthKit
0x00007ff80dddd000 	/System/Library/Frameworks/CoreWLAN.framework/Versions/A/CoreWLAN
0x00007ff907c21000 	/usr/lib/swift/libswiftCoreAudio.dylib
0x00007ff90cf3a000 	/usr/lib/swift/libswiftCoreLocation.dylib
0x00007ff810569000 	/usr/lib/libIOReport.dylib
0x00007ff819a32000 	/System/Library/PrivateFrameworks/CoreWiFi.framework/Versions/A/CoreWiFi
0x00007ffa0eb06000 	/System/Library/PrivateFrameworks/WiFiPeerToPeer.framework/Versions/A/WiFiPeerToPeer
0x00007ff80ea41000 	/System/Library/Frameworks/UserNotifications.framework/Versions/A/UserNotifications
0x00007ff8130db000 	/System/Library/PrivateFrameworks/CorePhoneNumbers.framework/Versions/A/CorePhoneNumbers
0x00007ff8128bb000 	/System/Library/PrivateFrameworks/MultiverseSupport.framework/Versions/A/MultiverseSupport
0x00007ff819e6b000 	/System/Library/PrivateFrameworks/RemoteServiceDiscovery.framework/Versions/A/RemoteServiceDiscovery
0x00007ff8173c1000 	/System/Library/PrivateFrameworks/DiskManagement.framework/Versions/A/DiskManagement
0x00007ff8172d9000 	/System/Library/PrivateFrameworks/AppleIDAuthSupport.framework/Versions/A/AppleIDAuthSupport
0x00007ffb08bb1000 	/System/Library/PrivateFrameworks/AAAFoundation.framework/Versions/A/AAAFoundation
0x00007ff8130b4000 	/System/Library/PrivateFrameworks/KeychainCircle.framework/Versions/A/KeychainCircle
0x00007ff819e7f000 	/System/Library/PrivateFrameworks/RemoteXPC.framework/Versions/A/RemoteXPC
0x00007ff819f24000 	/usr/lib/libcsfde.dylib
0x00007ff810712000 	/usr/lib/libCoreStorage.dylib
0x00007ff81738d000 	/System/Library/PrivateFrameworks/MediaKit.framework/Versions/A/MediaKit
0x00007ff8172e5000 	/System/Library/Frameworks/DiscRecording.framework/Versions/A/DiscRecording
0x00007ff8142a4000 	/System/Library/PrivateFrameworks/ProtectedCloudStorage.framework/Versions/A/ProtectedCloudStorage
0x00007ff819f20000 	/System/Library/PrivateFrameworks/EFILogin.framework/Versions/A/EFILogin
0x00007ff817a67000 	/System/Library/PrivateFrameworks/OctagonTrust.framework/Versions/A/OctagonTrust
0x00007ff80c12d000 	/System/Library/Frameworks/CoreLocation.framework/Versions/A/CoreLocation
0x00007ff8144fc000 	/System/Library/PrivateFrameworks/GeoServices.framework/Versions/A/GeoServices
0x00007ff81257a000 	/System/Library/PrivateFrameworks/LocationSupport.framework/Versions/A/LocationSupport
0x00007ffb17471000 	/System/Library/PrivateFrameworks/GeoServicesCore.framework/Versions/A/GeoServicesCore
0x00007ff902aaa000 	/System/Library/PrivateFrameworks/PhoneNumbers.framework/Versions/A/PhoneNumbers
0x00007ff81070a000 	/usr/lib/libMatch.1.dylib
0x00007ff9107f7000 	/System/Library/CoreServices/RawCamera.bundle/Contents/MacOS/RawCamera
0x00007ff812fbb000 	/System/Library/PrivateFrameworks/MobileAsset.framework/Versions/A/MobileAsset
0x00007ffb0a83a000 	/System/Library/PrivateFrameworks/AppleJPEGXL.framework/Versions/A/AppleJPEGXL
0x00007ff90d8c0000 	/System/Library/PrivateFrameworks/SoftwareUpdateCoreSupport.framework/Versions/A/SoftwareUpdateCoreSupport
0x00007ff91501c000 	/System/Library/PrivateFrameworks/SoftwareUpdateCoreConnect.framework/Versions/A/SoftwareUpdateCoreConnect
0x00007ff81a618000 	/System/Library/PrivateFrameworks/StreamingZip.framework/Versions/A/StreamingZip
0x00007ff90d556000 	/System/Library/PrivateFrameworks/MSUDataAccessor.framework/Versions/A/MSUDataAccessor
0x00007ff909709000 	/usr/lib/libbootpolicy.dylib
0x00007ff91ba82000 	/usr/lib/libpartition2_dynamic.dylib
0x00007ffb0bda0000 	/System/Library/PrivateFrameworks/CMPhoto.framework/Versions/A/CMPhoto
0x00007ff8184c2000 	/System/Library/PrivateFrameworks/AppleVPA.framework/Versions/A/AppleVPA
0x00007ff811706000 	/System/Library/Frameworks/MediaToolbox.framework/Versions/A/MediaToolbox
0x00007ff817868000 	/System/Library/PrivateFrameworks/CoreAVCHD.framework/Versions/A/CoreAVCHD
0x00007ff817864000 	/System/Library/PrivateFrameworks/Mangrove.framework/Versions/A/Mangrove
0x00007ff817df7000 	/System/Library/Frameworks/CoreTelephony.framework/Versions/A/CoreTelephony
0x00007ff8174a9000 	/System/Library/PrivateFrameworks/CoreAUC.framework/Versions/A/CoreAUC
0x00007ff8130e4000 	/usr/lib/libTelephonyUtilDynamic.dylib
0x00007ff90cf1b000 	/System/Library/Frameworks/Accelerate.framework/Versions/A/Frameworks/vImage.framework/Versions/A/Libraries/libCGInterfaces.dylib
0x000000012047a000 	/usr/lib/libobjc-trampolines.dylib
0x00007ffc14ea3000 	/usr/lib/libAccessibilityBaseImplementations.dylib
0x00007ff810a84000 	/System/Library/PrivateFrameworks/login.framework/Versions/A/login
0x00007ff81831c000 	/System/Library/Frameworks/LocalAuthentication.framework/Versions/A/LocalAuthentication
0x00007ff81835d000 	/System/Library/Frameworks/LocalAuthentication.framework/Support/SharedUtils.framework/Versions/A/SharedUtils
0x00007ff8182bb000 	/System/Library/Frameworks/CryptoTokenKit.framework/Versions/A/CryptoTokenKit
0x00007ff80a8e1000 	/System/Library/PrivateFrameworks/ViewBridge.framework/Versions/A/ViewBridge
0x00007ffa1d5fd000 	/System/Library/Frameworks/OpenGL.framework/Versions/A/Resources/GLEngine.bundle/GLEngine
0x00007ffa1d470000 	/System/Library/Frameworks/OpenGL.framework/Versions/A/Libraries/libGLProgrammability.dylib
0x00007ffa1a7e6000 	/System/Library/Extensions/AppleIntelICLGraphicsGLDriver.bundle/Contents/MacOS/AppleIntelICLGraphicsGLDriver
0x00007ff91461f000 	/System/Library/PrivateFrameworks/GPUSupport.framework/Versions/A/Libraries/libGPUSupportMercury.dylib
0x00007ffa1d76d000 	/System/Library/Frameworks/OpenGL.framework/Versions/A/Resources/GLRendererFloat.bundle/GLRendererFloat
0x000000012a1c8000 	/Users/devin.zhang/.javacpp/cache/javacpp-1.5.5-macosx-x86_64.jar/org/bytedeco/javacpp/macosx-x86_64/libjnijavacpp.dylib
0x000000012a201000 	/Users/devin.zhang/.javacpp/cache/openblas-0.3.13-1.5.5-macosx-x86_64.jar/org/bytedeco/openblas/macosx-x86_64/libgcc_s.1.dylib
0x000000012a275000 	/Users/devin.zhang/.javacpp/cache/openblas-0.3.13-1.5.5-macosx-x86_64.jar/org/bytedeco/openblas/macosx-x86_64/libquadmath.0.dylib
0x000000012a4ee000 	/Users/devin.zhang/.javacpp/cache/openblas-0.3.13-1.5.5-macosx-x86_64.jar/org/bytedeco/openblas/macosx-x86_64/libgfortran.4.dylib
0x000000012e292000 	/Users/devin.zhang/.javacpp/cache/openblas-0.3.13-1.5.5-macosx-x86_64.jar/org/bytedeco/openblas/macosx-x86_64/libopenblas_nolapack.0.dylib
0x000000012a2c1000 	/Users/devin.zhang/.javacpp/cache/openblas-0.3.13-1.5.5-macosx-x86_64.jar/org/bytedeco/openblas/macosx-x86_64/libjniopenblas_nolapack.dylib
0x000000014d986000 	/Users/devin.zhang/.javacpp/cache/openblas-0.3.13-1.5.5-macosx-x86_64.jar/org/bytedeco/openblas/macosx-x86_64/libopenblas.0.dylib
0x000000012c302000 	/Users/devin.zhang/.javacpp/cache/openblas-0.3.13-1.5.5-macosx-x86_64.jar/org/bytedeco/openblas/macosx-x86_64/libjniopenblas.dylib
0x000000012ae9c000 	/Users/devin.zhang/.javacpp/cache/opencv-4.5.1-1.5.5-macosx-x86_64.jar/org/bytedeco/opencv/macosx-x86_64/libopencv_core.4.5.dylib
0x000000012b672000 	/Users/devin.zhang/.javacpp/cache/opencv-4.5.1-1.5.5-macosx-x86_64.jar/org/bytedeco/opencv/macosx-x86_64/libopencv_imgproc.4.5.dylib
0x000000012b222000 	/Users/devin.zhang/.javacpp/cache/opencv-4.5.1-1.5.5-macosx-x86_64.jar/org/bytedeco/opencv/macosx-x86_64/libjniopencv_core.dylib
0x000000012ad1e000 	/Users/devin.zhang/.javacpp/cache/opencv-4.5.1-1.5.5-macosx-x86_64.jar/org/bytedeco/opencv/macosx-x86_64/libjniopencv_imgproc.dylib
0x000000012be45000 	/Users/devin.zhang/.javacpp/cache/opencv-4.5.1-1.5.5-macosx-x86_64.jar/org/bytedeco/opencv/macosx-x86_64/libopencv_imgcodecs.4.5.dylib
0x000000012a305000 	/Users/devin.zhang/.javacpp/cache/opencv-4.5.1-1.5.5-macosx-x86_64.jar/org/bytedeco/opencv/macosx-x86_64/libjniopencv_imgcodecs.dylib
0x0000000149e12000 	/Users/devin.zhang/.javacpp/cache/leptonica-1.80.0-1.5.5-macosx-x86_64.jar/org/bytedeco/leptonica/macosx-x86_64/liblept.5.dylib
0x000000012ddf8000 	/Users/devin.zhang/.javacpp/cache/leptonica-1.80.0-1.5.5-macosx-x86_64.jar/org/bytedeco/leptonica/macosx-x86_64/libjnilept.dylib
0x000000014a67b000 	/Users/devin.zhang/.javacpp/cache/tesseract-4.1.1-1.5.5-macosx-x86_64.jar/org/bytedeco/tesseract/macosx-x86_64/libtesseract.4.dylib
0x000000012a405000 	/Users/devin.zhang/.javacpp/cache/tesseract-4.1.1-1.5.5-macosx-x86_64.jar/org/bytedeco/tesseract/macosx-x86_64/libjnitesseract.dylib

VM Arguments:
jvm_args: -agentlib:jdwp=transport=dt_socket,address=127.0.0.1:49960,suspend=y,server=n -javaagent:/Users/devin.zhang/Library/Caches/JetBrains/IntelliJIdea2021.1/captureAgent/debugger-agent.jar -Dfile.encoding=UTF-8 
java_command: test.ticket.tickettools.TestCOR
java_class_path (initial): /Users/devin.zhang/Library/Java/JavaVirtualMachines/corretto-1.8.0_402/Contents/Home/jre/lib/charsets.jar:/Users/devin.zhang/Library/Java/JavaVirtualMachines/corretto-1.8.0_402/Contents/Home/jre/lib/ext/cldrdata.jar:/Users/devin.zhang/Library/Java/JavaVirtualMachines/corretto-1.8.0_402/Contents/Home/jre/lib/ext/dnsns.jar:/Users/devin.zhang/Library/Java/JavaVirtualMachines/corretto-1.8.0_402/Contents/Home/jre/lib/ext/jaccess.jar:/Users/devin.zhang/Library/Java/JavaVirtualMachines/corretto-1.8.0_402/Contents/Home/jre/lib/ext/jfxrt.jar:/Users/devin.zhang/Library/Java/JavaVirtualMachines/corretto-1.8.0_402/Contents/Home/jre/lib/ext/localedata.jar:/Users/devin.zhang/Library/Java/JavaVirtualMachines/corretto-1.8.0_402/Contents/Home/jre/lib/ext/nashorn.jar:/Users/devin.zhang/Library/Java/JavaVirtualMachines/corretto-1.8.0_402/Contents/Home/jre/lib/ext/sunec.jar:/Users/devin.zhang/Library/Java/JavaVirtualMachines/corretto-1.8.0_402/Contents/Home/jre/lib/ext/sunjce_provider.jar:/Users/devin.zhang/Library/Java/JavaVirtualMachines/corretto-1.8.0_402/Contents/Home/jre/lib/ext/sunpkcs11.jar:/Users/devin.zhang/Library/Java/JavaVirtualMachines/corretto-1.8.0_402/Contents/Home/jre/lib/ext/zipfs.jar:/Users/devin.zhang/Library/Java/JavaVirtualMachines/corretto-1.8.0_402/Contents/Home/jre/lib/jce.jar:/Users/devin.zhang/Library/Java/JavaVirtualMachines/corretto-1.8.0_402/Contents/Home/jre/lib/jfr.jar:/Users/devin.zhang/Library/Java/JavaVirtualMachines/corretto-1.8.0_402/Contents/Home/jre/lib/jfxswt.jar:/Users/devin.zhang/Library/Java/JavaVirtualMachines/corretto-1.8.0_402/Contents/Home/jre/lib/jsse.jar:/Users/devin.zhang/Library/Java/JavaVirtualMachines/corretto-1.8.0_402/Contents/Home/jre/lib/management-agent.jar:/Users/devin.zhang/Library/Java/JavaVirtualMachines/corretto-1.8.0_402/Contents/Home/jre/lib/resources.jar:/Users/devin.zhang/Library/Java/JavaVirtualMachines/corretto-1.8.0_402/Contents/Home/jre/lib/rt.jar:/Users/devin.zhang/Library/Java/JavaVirt
Launcher Type: SUN_STANDARD

Environment Variables:
PATH=/usr/bin:/bin:/usr/sbin:/sbin
SHELL=/bin/zsh

Signal Handlers:
SIGSEGV: [libjvm.dylib+0x56f7f9], sa_mask[0]=11111111011111110111111111111111, sa_flags=SA_ONSTACK|SA_RESTART|SA_SIGINFO
SIGBUS: [libjvm.dylib+0x56f7f9], sa_mask[0]=11111111011111110111111111111111, sa_flags=SA_RESTART|SA_SIGINFO
SIGFPE: [libjvm.dylib+0x46b033], sa_mask[0]=11111111011111110111111111111111, sa_flags=SA_RESTART|SA_SIGINFO
SIGPIPE: [libjvm.dylib+0x46b033], sa_mask[0]=11111111011111110111111111111111, sa_flags=SA_RESTART|SA_SIGINFO
SIGXFSZ: [libjvm.dylib+0x46b033], sa_mask[0]=11111111011111110111111111111111, sa_flags=SA_RESTART|SA_SIGINFO
SIGILL: [libjvm.dylib+0x46b033], sa_mask[0]=11111111011111110111111111111111, sa_flags=SA_RESTART|SA_SIGINFO
SIGUSR1: SIG_DFL, sa_mask[0]=00000000000000000000000000000000, sa_flags=none
SIGUSR2: [libjvm.dylib+0x46b91c], sa_mask[0]=00100000000000000000000000000000, sa_flags=SA_RESTART|SA_SIGINFO
SIGHUP: [libjvm.dylib+0x469b0b], sa_mask[0]=11111111011111110111111111111111, sa_flags=SA_RESTART|SA_SIGINFO
SIGINT: [libjvm.dylib+0x469b0b], sa_mask[0]=11111111011111110111111111111111, sa_flags=SA_RESTART|SA_SIGINFO
SIGTERM: [libjvm.dylib+0x469b0b], sa_mask[0]=11111111011111110111111111111111, sa_flags=SA_RESTART|SA_SIGINFO
SIGQUIT: [libjvm.dylib+0x469b0b], sa_mask[0]=11111111011111110111111111111111, sa_flags=SA_RESTART|SA_SIGINFO


---------------  S Y S T E M  ---------------

OS:Bsduname:Darwin 23.1.0 Darwin Kernel Version 23.1.0: Mon Oct  9 21:27:27 PDT 2023; root:xnu-10002.41.9~6/RELEASE_X86_64 x86_64
rlimit: STACK 8192k, CORE 0k, NPROC 2784, NOFILE 12544, AS infinity
load average:4.12 3.63 3.56

CPU:total 8 (initial active 8) (4 cores per cpu, 2 threads per core) family 6 model 126 stepping 5, cmov, cx8, fxsr, mmx, sse, sse2, sse3, ssse3, sse4.1, sse4.2, popcnt, avx, avx2, aes, clmul, erms, 3dnowpref, lzcnt, ht, tsc, tscinvbit, bmi1, bmi2, adx

Memory: 4k page, physical 16777216k(58256k free)

/proc/meminfo:


vm_info: OpenJDK 64-Bit Server VM (25.402-b08) for bsd-amd64 JRE (1.8.0_402-b08), built on Jan 18 2024 20:52:36 by "ec2-user" with gcc Apple LLVM 14.0.0 (clang-1400.0.29.202)

time: Sat Apr 13 11:09:55 2024
timezone: CST
elapsed time: 167.177984 seconds (0d 0h 2m 47s)

